[16:21:52] [main/INFO]: Loading Minecraft 1.20.1 with Fabric Loader 0.15.11
[16:21:52] [ForkJoinPool-1-worker-7/WARN]: Mod mr_dungeons_andtaverns uses the version 3.0.3.f which isn't compatible with Loader's extended semantic version format (Could not parse version number component 'f'!), SemVer is recommended for reliably evaluating dependencies and prioritizing newer version
[16:21:52] [ForkJoinPool-1-worker-8/WARN]: Mod com_github_rtyley_animated-gif-lib-for-java uses the version animated-gif-lib-1.7 which isn't compatible with Loader's extended semantic version format (Could not parse version number component 'animated'!), SemVer is recommended for reliably evaluating dependencies and prioritizing newer version
[16:21:53] [main/INFO]: Dependencies overridden for minecraft, lambdynlights, fabricloader, debugify
[16:21:53] [main/WARN]: Warnings were found!
 - Mod 'Create Enchantment Industry' (create_enchantment_industry) 1.2.16 recommends version 0.5.1-f-build.1335+mc1.20.1 of mod 'Create' (create), but only the wrong version is present: 0.5.1-f-build.1417+mc1.20.1!
	 - You should install version 0.5.1-f-build.1335+mc1.20.1 of mod 'Create' (create) for the optimal experience.
 - Mod 'Dynamic FPS' (dynamic_fps) 3.4.3 recommends any version of quilt_loader, which is missing!
	 - You should install any version of quilt_loader for the optimal experience.
 - 'Minecraft' (minecraft) 1.20.1 recommends any version after 5.4.1 of Fabulously Optimized, which is missing!
	 - You should install any version after 5.4.1 of Fabulously Optimized for the optimal experience.
[16:21:53] [main/INFO]: Loading 254 mods:
	- advancementinfo 1.20-fabric0.83.0-1.4
	- animatica 0.6+1.20
	- another_furniture 1.20.1-3.0.1
	- appleskin 2.5.1+mc1.20
	- architectury 9.2.14
	- bedbenefits 13.0.3
	- betterarcheology 1.1.9-1.20.1
	- betterf3 7.0.2
	- bettermounthud 1.2.2
	- betterstats 3.9.7+fabric-1.20.1
	   \-- tcdcommons 3.9.6+fabric-1.20.1
	- betterthirdperson 1.9.0
	- boatiview 0.0.5
	- bookshelf 20.1.10
	- borderlessmining 1.1.8+1.20.1
	- botarium 2.3.3
	   \-- team_reborn_energy 3.0.0
	- capes 1.5.2+1.20
	- cardinal-components 5.2.2
	   |-- cardinal-components-base 5.2.2
	   |-- cardinal-components-block 5.2.2
	   |-- cardinal-components-chunk 5.2.2
	   |-- cardinal-components-entity 5.2.2
	   |-- cardinal-components-item 5.2.2
	   |-- cardinal-components-level 5.2.2
	   |-- cardinal-components-scoreboard 5.2.2
	   \-- cardinal-components-world 5.2.2
	- chat_heads 0.12.2
	- chatanimation 1.0.5
	- citresewn 1.1.5+1.20.1
	   \-- citresewn-defaults 1.1.5+1.20.1
	- clickthrough 1.20-fabric0.83.0-0.4.1
	   |-- crowdin-translate 1.4+1.19.3
	   \-- gbfabrictools 1.4+1.20
	- cloth-config 11.1.106
	   \-- cloth-basic-math 0.6.1
	- continuity 3.0.0-beta.5+1.20.1
	- controlify 1.6.0+1.20
	   |-- dev_isxander_sdl2-jni 2.28.2-26
	   |-- org_hid4java_hid4java 0.7.0
	   \-- org_quiltmc_quilt-json5 1.0.3
	- create 0.5.1-f-build.1417+mc1.20.1
	   |-- com_electronwill_night-config_core 3.6.6
	   |-- com_electronwill_night-config_toml 3.6.6
	   |-- com_google_code_findbugs_jsr305 3.0.2
	   |-- flywheel 0.6.10-2
	   |-- milk 1.2.60
	   |    \-- dripstone_fluid_lib 3.0.2
	   |-- porting_lib_accessors 2.3.2+1.20.1
	   |    \-- porting_lib_core 2.3.2+1.20.1
	   |-- porting_lib_base 2.3.2+1.20.1
	   |    |-- com_electronwill_night-config_core 3.6.6
	   |    |-- com_electronwill_night-config_toml 3.6.6
	   |    |-- porting_lib_attributes 2.3.2+1.20.1
	   |    |-- porting_lib_common 2.3.2+1.20.1
	   |    |-- porting_lib_config 2.3.2+1.20.1
	   |    |-- porting_lib_core 2.3.2+1.20.1
	   |    |-- porting_lib_fluids 2.3.2+1.20.1
	   |    |-- porting_lib_lazy_registration 2.3.2+1.20.1
	   |    |-- porting_lib_mixin_extensions 2.3.2+1.20.1
	   |    |-- porting_lib_utility 2.3.2+1.20.1
	   |    \-- reach-entity-attributes 2.4.0
	   |-- porting_lib_brewing 2.3.2+1.20.1
	   |    \-- porting_lib_core 2.3.2+1.20.1
	   |-- porting_lib_client_events 2.3.2+1.20.1
	   |    \-- porting_lib_core 2.3.2+1.20.1
	   |-- porting_lib_entity 2.3.2+1.20.1
	   |    |-- porting_lib_core 2.3.2+1.20.1
	   |    \-- porting_lib_mixin_extensions 2.3.2+1.20.1
	   |-- porting_lib_extensions 2.3.2+1.20.1
	   |    |-- porting_lib_attributes 2.3.2+1.20.1
	   |    |-- porting_lib_common 2.3.2+1.20.1
	   |    |-- porting_lib_core 2.3.2+1.20.1
	   |    \-- reach-entity-attributes 2.4.0
	   |-- porting_lib_models 2.3.2+1.20.1
	   |    |-- porting_lib_core 2.3.2+1.20.1
	   |    |-- porting_lib_fluids 2.3.2+1.20.1
	   |    \-- porting_lib_model_loader 2.3.2+1.20.1
	   |-- porting_lib_networking 2.3.2+1.20.1
	   |    \-- porting_lib_core 2.3.2+1.20.1
	   |-- porting_lib_obj_loader 2.3.2+1.20.1
	   |    |-- porting_lib_core 2.3.2+1.20.1
	   |    \-- porting_lib_model_loader 2.3.2+1.20.1
	   |-- porting_lib_tags 3.0
	   |    \-- porting_lib_core 2.3.2+1.20.1
	   |-- porting_lib_tool_actions 2.3.2+1.20.1
	   |    \-- porting_lib_core 2.3.2+1.20.1
	   |-- porting_lib_transfer 2.3.2+1.20.1
	   |    |-- porting_lib_core 2.3.2+1.20.1
	   |    \-- porting_lib_fluids 2.3.2+1.20.1
	   |-- reach-entity-attributes 2.4.0
	   \-- registrate-fabric 1.3.62-MC1.20.1
	        |-- porting_lib_data 2.1.1090+1.20
	        |    \-- porting_lib_gametest 2.1.1090+1.20
	        \-- porting_lib_model_generators 2.1.1090+1.20
	             |-- porting_lib_gametest 2.1.1090+1.20
	             \-- porting_lib_model_materials 2.1.1090+1.20
	- create_enchantment_industry 1.2.16
	   \-- create_dragon_lib 1.4.2
	- create_new_age 1.1.2
	- createdeco 2.0.2-1.20.1-fabric
	- debugify 1.20.1+2.0
	- detailab 2.6.3+1.20.1-fabric
	- dynamic_fps 3.4.3
	- eatinganimationid 1.20+1.9.61
	- elytraslot 6.3.0+1.20.1
	- enhancedblockentities 0.9+1.20
	   |-- advanced_runtime_resource_pack 0.6.7
	   \-- spruceui 5.0.0+1.20
	- entity_model_features 2.0.2
	- entity_texture_features 6.0.1
	   \-- org_apache_httpcomponents_httpmime 4.5.10
	- entityculling 1.6.5
	- explosiveenhancement 1.2.2-1.20.x
	- fabric-api 0.92.1+1.20.1
	   |-- fabric-api-base 0.4.31+1802ada577
	   |-- fabric-api-lookup-api-v1 1.6.36+1802ada577
	   |-- fabric-biome-api-v1 13.0.13+1802ada577
	   |-- fabric-block-api-v1 1.0.11+1802ada577
	   |-- fabric-block-view-api-v2 1.0.1+1802ada577
	   |-- fabric-blockrenderlayer-v1 1.1.41+1802ada577
	   |-- fabric-client-tags-api-v1 1.1.2+1802ada577
	   |-- fabric-command-api-v1 1.2.34+f71b366f77
	   |-- fabric-command-api-v2 2.2.13+1802ada577
	   |-- fabric-commands-v0 0.2.51+df3654b377
	   |-- fabric-containers-v0 0.1.64+df3654b377
	   |-- fabric-content-registries-v0 4.0.11+1802ada577
	   |-- fabric-convention-tags-v1 1.5.5+1802ada577
	   |-- fabric-crash-report-info-v1 0.2.19+1802ada577
	   |-- fabric-data-attachment-api-v1 1.0.0+de0fd6d177
	   |-- fabric-data-generation-api-v1 12.3.4+1802ada577
	   |-- fabric-dimensions-v1 2.1.54+1802ada577
	   |-- fabric-entity-events-v1 1.6.0+1c78457f77
	   |-- fabric-events-interaction-v0 0.6.2+1802ada577
	   |-- fabric-events-lifecycle-v0 0.2.63+df3654b377
	   |-- fabric-game-rule-api-v1 1.0.40+1802ada577
	   |-- fabric-item-api-v1 2.1.28+1802ada577
	   |-- fabric-item-group-api-v1 4.0.12+1802ada577
	   |-- fabric-key-binding-api-v1 1.0.37+1802ada577
	   |-- fabric-keybindings-v0 0.2.35+df3654b377
	   |-- fabric-lifecycle-events-v1 2.2.22+1802ada577
	   |-- fabric-loot-api-v2 1.2.1+1802ada577
	   |-- fabric-loot-tables-v1 1.1.45+9e7660c677
	   |-- fabric-message-api-v1 5.1.9+1802ada577
	   |-- fabric-mining-level-api-v1 2.1.50+1802ada577
	   |-- fabric-model-loading-api-v1 1.0.3+1802ada577
	   |-- fabric-models-v0 0.4.2+9386d8a777
	   |-- fabric-networking-api-v1 1.3.11+1802ada577
	   |-- fabric-networking-v0 0.3.51+df3654b377
	   |-- fabric-object-builder-api-v1 11.1.3+1802ada577
	   |-- fabric-particles-v1 1.1.2+1802ada577
	   |-- fabric-recipe-api-v1 1.0.21+1802ada577
	   |-- fabric-registry-sync-v0 2.3.3+1802ada577
	   |-- fabric-renderer-api-v1 3.2.1+1802ada577
	   |-- fabric-renderer-indigo 1.5.1+1802ada577
	   |-- fabric-renderer-registries-v1 3.2.46+df3654b377
	   |-- fabric-rendering-data-attachment-v1 0.3.37+92a0d36777
	   |-- fabric-rendering-fluids-v1 3.0.28+1802ada577
	   |-- fabric-rendering-v0 1.1.49+df3654b377
	   |-- fabric-rendering-v1 3.0.8+1802ada577
	   |-- fabric-resource-conditions-api-v1 2.3.8+1802ada577
	   |-- fabric-resource-loader-v0 0.11.10+1802ada577
	   |-- fabric-screen-api-v1 2.0.8+1802ada577
	   |-- fabric-screen-handler-api-v1 1.3.30+1802ada577
	   |-- fabric-sound-api-v1 1.0.13+1802ada577
	   |-- fabric-transfer-api-v1 3.3.5+8dd72ea377
	   \-- fabric-transitive-access-wideners-v1 4.3.1+1802ada577
	- fabric-language-kotlin 1.10.20+kotlin.1.9.24
	   |-- org_jetbrains_kotlin_kotlin-reflect 1.9.24
	   |-- org_jetbrains_kotlin_kotlin-stdlib 1.9.24
	   |-- org_jetbrains_kotlin_kotlin-stdlib-jdk7 1.9.24
	   |-- org_jetbrains_kotlin_kotlin-stdlib-jdk8 1.9.24
	   |-- org_jetbrains_kotlinx_atomicfu-jvm 0.24.0
	   |-- org_jetbrains_kotlinx_kotlinx-coroutines-core-jvm 1.8.0
	   |-- org_jetbrains_kotlinx_kotlinx-coroutines-jdk8 1.8.0
	   |-- org_jetbrains_kotlinx_kotlinx-datetime-jvm 0.5.0
	   |-- org_jetbrains_kotlinx_kotlinx-serialization-cbor-jvm 1.6.3
	   |-- org_jetbrains_kotlinx_kotlinx-serialization-core-jvm 1.6.3
	   \-- org_jetbrains_kotlinx_kotlinx-serialization-json-jvm 1.6.3
	- fabricloader 0.15.11
	   \-- mixinextras 0.3.5
	- fabricskyboxes 0.7.3+mc1.20.1
	- fabrishot 1.10.1
	- fadeless 1.0.1
	- fancymenu 3.2.3
	   |-- com_github_keksuccino_japng 0.5.3
	   \-- com_github_rtyley_animated-gif-lib-for-java animated-gif-lib-1.7
	- farmersdelight 1.20.1-1.4.3
	- fastquit 3.0.0+1.20+
	- ferritecore 6.0.1
	- forgeconfigapiport 8.0.0
	- fsb-interop 1.3.6+mc1.20.1-build.50
	- iceberg 1.1.18
	- immediatelyfast 1.2.15+1.20.4
	   \-- net_lenni0451_reflect 1.3.3
	- immersive_aircraft 1.0.1+1.20.1
	   \-- org_mariuszgromada_math_mathparser_org-mxparser 5.2.1
	- indium 1.0.30+mc1.20.4
	- iris 1.6.17
	   |-- io_github_douira_glsl-transformer 2.0.0-pre13
	   |-- org_anarres_jcpp 1.4.14
	   \-- org_antlr_antlr4-runtime 4.11.1
	- isxander-main-menu-credits 1.1.2
	- itemborders 1.2.2
	- java 17
	- jei 15.3.0.4
	- konkrete 1.8.1
	- lambdynlights 2.3.2+1.20.1
	   |-- pride 1.2.0+1.19.4
	   \-- spruceui 5.0.0+1.20
	- languagereload 1.6.1+1.20.1
	- lazydfu 0.1.3
	- legendarytooltips 1.4.5
	- litematica 0.15.3
	- lithium 0.11.2
	- malilib 0.16.3
	- melody 1.0.3
	- memoryleakfix 1.1.5
	- minecraft 1.20.1
	- mixintrace 1.1.1+1.17
	- modelfix 1.15
	- modernfix 5.17.0+mc1.20.1
	- modmenu 7.2.2
	- morechathistory 1.3.0
	- moreculling 1.20.4-0.24.0
	   |-- conditional-mixin 0.3.2
	   \-- mixinsquared 0.1.1
	- mr_dungeons_andtaverns 3.0.3.f
	- mr_dungeons_andtavernspillageroutpostrework 1.1
	- mr_dungeons_andtavernsstrongholdrework 1
	- nochatreports 1.20.1-v2.2.2
	- notenoughanimations 1.7.3
	- optigui 2.1.7
	   |-- optiglue 2.1.7-mc.1.19.3
	   |-- org_apache_commons_commons-text 1.10.0
	   \-- org_ini4j_ini4j 0.5.4
	- plasmovoice 2.0.9
	   |-- aopalliance_aopalliance 1.0
	   |-- com_google_inject_guice 5.0.1
	   |-- fabric-permissions-api-v0 0.2-SNAPSHOT
	   \-- javax_inject_javax_inject 1
	- prism 1.0.5
	- puzzle 1.5.2+1.20
	   |-- midnightlib 1.4.1
	   |-- puzzle-base 1.5.2+1.20
	   |-- puzzle-gui 1.5.2+1.20
	   |-- puzzle-models 1.5.2+1.20
	   \-- puzzle-splashscreen 1.5.2+1.20
	- railways 1.6.4+fabric-mc1.20.1
	   |-- mixinextras 0.3.5
	   \-- mm 2.3
	- reeses-sodium-options 1.7.2+mc1.20.1-build.101
	- skinlayers3d 1.6.5
	- sodium 0.5.8+mc1.20.1
	- sodium-extra 0.5.4+mc1.20.1-build.115
	   |-- caffeineconfig 1.3.0+1.17
	   \-- crowdin-translate 1.4+1.19.3
	- status-effect-bars 1.0.3
	- tmmouse 1.0
	- trinkets 3.7.2
	- visuality 0.7.1+1.20
	- xaeroworldmap 1.38.4
	- yet_another_config_lib_v3 3.4.4+1.20.1-fabric
	   |-- com_twelvemonkeys_common_common-image 3.10.0
	   |-- com_twelvemonkeys_common_common-io 3.10.0
	   |-- com_twelvemonkeys_common_common-lang 3.10.0
	   |-- com_twelvemonkeys_imageio_imageio-core 3.10.0
	   |-- com_twelvemonkeys_imageio_imageio-metadata 3.10.0
	   |-- com_twelvemonkeys_imageio_imageio-webp 3.10.0
	   |-- org_quiltmc_parsers_gson 0.2.1
	   \-- org_quiltmc_parsers_json 0.2.1
	- yosbr 0.1.2
	- yungsapi 1.20-Fabric-4.0.5
	   |-- mixinextras 0.3.5
	   |-- org_javassist_javassist 3.29.2-GA
	   \-- org_reflections_reflections 0.10.2
	- zoomify 2.11.2
	   |-- com_akuleshov7_ktoml-core-jvm 0.4.1
	   |-- dev_isxander_settxi_settxi-core 2.10.6
	   \-- dev_isxander_settxi_settxi-kotlinx-serialization 2.10.6
[16:21:53] [main/INFO]: Applying default options... (YOSBR)
[16:21:54] [main/INFO]: SpongePowered MIXIN Subsystem Version=0.8.5 Source=file:/C:/Users/%d0%9f%d0%9a/Desktop/MultiMC/libraries/net/fabricmc/sponge-mixin/0.13.3+mixin.0.8.5/sponge-mixin-0.13.3+mixin.0.8.5.jar Service=Knot/Fabric Env=CLIENT
[16:21:54] [main/INFO]: Compatibility level set to JAVA_16
[16:21:54] [main/INFO]: Compatibility level set to JAVA_17
[16:21:54] [main/WARN]: Reference map 'createdeco-fabric-refmap.json' for createdeco.mixins.json could not be read. If this is a development environment you can ignore this message
[16:21:55] [main/INFO]: Preloading Debugify
[16:21:55] [main/WARN]: Reference map 'de-guntram-mcmod-fabrictools-refmap.json' for mixins.de-guntram-mcmod-fabrictools.json could not be read. If this is a development environment you can ignore this message
[16:21:55] [main/INFO]: Loaded configuration file for Lithium: 115 options available, 1 override(s) found
[16:21:55] [main/WARN]: Reference map 'memoryleakfix-fabric-1.17+-fabric-refmap.json' for memoryleakfix-fabric.mixins.json could not be read. If this is a development environment you can ignore this message
[16:21:55] [main/INFO]: Loaded configuration file for ModernFix 5.17.0+mc1.20.1: 55 options available, 2 override(s) found
[16:21:55] [main/WARN]: Option 'mixin.perf.dynamic_resources' overriden (by user configuration) to 'true'
[16:21:55] [main/WARN]: Option 'mixin.perf.dynamic_dfu' overriden (by mods [litematica]) to 'false'
[16:21:55] [main/INFO]: Applying Nashorn fix
[16:21:55] [main/INFO]: Loaded configuration file for Sodium: 42 options available, 3 override(s) found
[16:21:55] [main/INFO]: Loaded configuration file for Sodium Extra: 34 options available, 0 override(s) found
[16:21:56] [main/WARN]: Error loading class: io/vram/frex/base/renderer/context/render/EntityBlockRenderContext (java.lang.ClassNotFoundException: io/vram/frex/base/renderer/context/render/EntityBlockRenderContext)
[16:21:56] [main/WARN]: @Mixin target io.vram.frex.base.renderer.context.render.EntityBlockRenderContext was not found porting_lib_base.mixins.json:client.frex.EntityBlockRenderContextMixin from mod porting_lib_base
[16:21:56] [main/WARN]: Error loading class: de/maxhenkel/voicechat/voice/client/KeyEvents (java.lang.ClassNotFoundException: de/maxhenkel/voicechat/voice/client/KeyEvents)
[16:21:56] [main/WARN]: Error loading class: de/maxhenkel/voicechat/voice/client/PTTKeyHandler (java.lang.ClassNotFoundException: de/maxhenkel/voicechat/voice/client/PTTKeyHandler)
[16:21:56] [main/WARN]: Force disabled MC-121772 because it only applies to OS: MAC
[16:21:56] [main/WARN]: Force disabled MC-122477 because it only applies to OS: LINUX
[16:21:56] [main/WARN]: Force disabled MC-59810 because it only applies to OS: MAC
[16:21:56] [main/WARN]: Error loading class: net/irisshaders/batchedentityrendering/impl/FullyBufferedMultiBufferSource (java.lang.ClassNotFoundException: net/irisshaders/batchedentityrendering/impl/FullyBufferedMultiBufferSource)
[16:21:56] [main/WARN]: Error loading class: net/irisshaders/iris/layer/InnerWrappedRenderType (java.lang.ClassNotFoundException: net/irisshaders/iris/layer/InnerWrappedRenderType)
[16:21:56] [main/WARN]: Error loading class: net/irisshaders/iris/layer/OuterWrappedRenderType (java.lang.ClassNotFoundException: net/irisshaders/iris/layer/OuterWrappedRenderType)
[16:21:57] [main/WARN]: Force-disabling mixin 'alloc.blockstate.StateMixin' as rule 'mixin.alloc.blockstate' (added by mods [ferritecore]) disables it and children
[16:21:57] [main/WARN]: Error loading class: net/fabricmc/fabric/impl/client/model/ModelLoadingRegistryImpl$LoaderInstance (java.lang.ClassNotFoundException: net/fabricmc/fabric/impl/client/model/ModelLoadingRegistryImpl$LoaderInstance)
[16:21:57] [main/WARN]: @Mixin target net.fabricmc.fabric.impl.client.model.ModelLoadingRegistryImpl$LoaderInstance was not found modernfix-fabric.mixins.json:perf.dynamic_resources.LoaderInstanceMixin from mod modernfix
[16:21:57] [main/WARN]: Force-disabling mixin 'features.render.entity.CuboidMixin' as rule 'mixin.features.render.entity' (added by mods [iris]) disables it and children
[16:21:57] [main/WARN]: Force-disabling mixin 'features.render.entity.ModelPartMixin' as rule 'mixin.features.render.entity' (added by mods [iris]) disables it and children
[16:21:57] [main/WARN]: Force-disabling mixin 'features.render.entity.cull.EntityRendererMixin' as rule 'mixin.features.render.entity' (added by mods [iris]) disables it and children
[16:21:57] [main/WARN]: Force-disabling mixin 'features.render.entity.shadows.EntityRenderDispatcherMixin' as rule 'mixin.features.render.entity' (added by mods [iris]) disables it and children
[16:21:57] [main/WARN]: Force-disabling mixin 'features.render.gui.font.GlyphRendererMixin' as rule 'mixin.features.render.gui.font' (added by mods [iris]) disables it and children
[16:21:57] [main/WARN]: Force-disabling mixin 'features.render.world.sky.BackgroundRendererMixin' as rule 'mixin.features.render.world.sky' (added by mods [iris]) disables it and children
[16:21:57] [main/WARN]: Force-disabling mixin 'features.render.world.sky.ClientWorldMixin' as rule 'mixin.features.render.world.sky' (added by mods [iris]) disables it and children
[16:21:57] [main/WARN]: Force-disabling mixin 'features.render.world.sky.WorldRendererMixin' as rule 'mixin.features.render.world.sky' (added by mods [iris]) disables it and children
[16:21:57] [main/INFO]: [MemoryLeakFix] Will be applying 3 memory leak fixes!
[16:21:57] [main/INFO]: [MemoryLeakFix] Currently enabled memory leak fixes: [targetEntityLeak, biomeTemperatureLeak, hugeScreenshotLeak]
[16:21:58] [main/WARN]: Error loading class: org/jetbrains/annotations/ApiStatus$Internal (java.lang.ClassNotFoundException: org/jetbrains/annotations/ApiStatus$Internal)
[16:21:58] [main/INFO]: I used the json to destroy the json
[16:21:58] [main/INFO]: Searching for graphics cards...
[16:21:58] [main/INFO]: Initializing MixinExtras via com.llamalad7.mixinextras.service.MixinExtrasServiceImpl(version=0.3.5).
[16:21:58] [main/INFO]: Found graphics card: GraphicsAdapterInfo[vendor=AMD, name=AMD Radeon(TM) Graphics, version=DriverVersion=30.0.13044.0]
[16:22:01] [main/WARN]: @Inject(@At("INVOKE")) Shift.BY=2 on porting_lib_entity.mixins.json:common.LivingEntityMixin from mod porting_lib_entity::handler$epd000$porting_lib_entity$port_lib$onFinishUsing exceeds the maximum allowed value: 0. Increase the value of maxShiftBy to suppress this warning.
[16:22:01] [main/INFO]: Mixing common.MixinFriendlyByteBuf from mixins/common/nochatreports.mixins.json into net.minecraft.class_2540
[16:22:01] [main/INFO]: Renaming synthetic method lambda$onWriteJsonWithCodec$1(Ljava/lang/Object;Ljava/lang/String;)Lio/netty/handler/codec/EncoderException; to md8a5a4e$nochatreports$lambda$onWriteJsonWithCodec$1$0 in mixins/common/nochatreports.mixins.json:common.MixinFriendlyByteBuf from mod nochatreports
[16:22:01] [main/INFO]: Renaming synthetic method lambda$onReadJsonWithCodec$0(Ljava/lang/String;)Lio/netty/handler/codec/DecoderException; to md8a5a4e$nochatreports$lambda$onReadJsonWithCodec$0$1 in mixins/common/nochatreports.mixins.json:common.MixinFriendlyByteBuf from mod nochatreports
[16:22:03] [main/INFO]: Injecting BlockStateBase cache population hook into getNeighborPathNodeType from me.jellysquid.mods.lithium.mixin.ai.pathing.AbstractBlockStateMixin
[16:22:03] [main/INFO]: Injecting BlockStateBase cache population hook into getPathNodeType from me.jellysquid.mods.lithium.mixin.ai.pathing.AbstractBlockStateMixin
[16:22:03] [main/INFO]: Injecting BlockStateBase cache population hook into getAllFlags from me.jellysquid.mods.lithium.mixin.util.block_tracking.AbstractBlockStateMixin
[16:22:07] [main/INFO]: Mixing server.MixinServerGamePacketListenerImpl from mixins/common/nochatreports.mixins.json into net.minecraft.class_3244
[16:22:08] [main/WARN]: Method overwrite conflict for method_21740 in modernfix-common.mixins.json:perf.remove_biome_temperature_cache.BiomeMixin from mod modernfix, previously written by me.jellysquid.mods.lithium.mixin.world.temperature_cache.BiomeMixin. Skipping method.
[16:22:09] [main/INFO]: Vanilla bootstrap took 8128 milliseconds
[16:22:09] [Render thread/INFO]: Mixing client.MixinMinecraft from mixins/common/nochatreports.mixins.json into net.minecraft.class_310
[16:22:09] [Render thread/INFO]: Mixing client.MixinMinecraft from mixins/fabric/nochatreports-fabric.mixins.json into net.minecraft.class_310
[16:22:09] [Render thread/INFO]: Mixing client.MixinTitleScreen from mixins/common/nochatreports.mixins.json into net.minecraft.class_442
[16:22:09] [Render thread/INFO]: Mixing client.MixinChatScreen from mixins/common/nochatreports.mixins.json into net.minecraft.class_408
[16:22:09] [Render thread/INFO]: Renaming synthetic method lambda$onInit$4()Lnet/minecraft/class_2561; to md8a5a4e$nochatreports$lambda$onInit$4$3 in mixins/common/nochatreports.mixins.json:client.MixinChatScreen from mod nochatreports
[16:22:09] [Render thread/INFO]: Renaming synthetic method lambda$onInit$3(Lnet/minecraft/class_4185;)V to md8a5a4e$nochatreports$lambda$onInit$3$4 in mixins/common/nochatreports.mixins.json:client.MixinChatScreen from mod nochatreports
[16:22:09] [Render thread/INFO]: Renaming synthetic method lambda$onInit$2()Lnet/minecraft/class_2561; to md8a5a4e$nochatreports$lambda$onInit$2$5 in mixins/common/nochatreports.mixins.json:client.MixinChatScreen from mod nochatreports
[16:22:09] [Render thread/INFO]: Renaming synthetic method lambda$onInit$1(Lnet/minecraft/class_4185;)V to md8a5a4e$nochatreports$lambda$onInit$1$6 in mixins/common/nochatreports.mixins.json:client.MixinChatScreen from mod nochatreports
[16:22:09] [Render thread/INFO]: Renaming synthetic method lambda$onBeforeMessage$0(Ljava/lang/String;Lorg/spongepowered/asm/mixin/injection/callback/CallbackInfoReturnable;Lcom/aizistral/nochatreports/common/encryption/Encryptor;)V to md8a5a4e$nochatreports$lambda$onBeforeMessage$0$7 in mixins/common/nochatreports.mixins.json:client.MixinChatScreen from mod nochatreports
[16:22:10] [Render thread/INFO]: Environment: authHost='https://authserver.mojang.com', accountsHost='https://api.mojang.com', sessionHost='https://sessionserver.mojang.com', servicesHost='https://api.minecraftservices.com', name='PROD'
[16:22:10] [Render thread/INFO]: Mixing client.MixinYggdrasilUserApiService from mixins/common/nochatreports.mixins.json into com.mojang.authlib.yggdrasil.YggdrasilUserApiService
[16:22:11] [Render thread/INFO]: Setting user: Kroniks53
[16:22:11] [Render thread/INFO]: Mixing client.MixinToastComponent from mixins/common/nochatreports.mixins.json into net.minecraft.class_374
[16:22:11] [Render thread/WARN]: Injection warning: LVT in net/minecraft/class_332::method_51435(Lnet/minecraft/class_327;Ljava/util/List;IILnet/minecraft/class_8000;)V has incompatible changes at opcode 180 in callback iceberg.mixins.json:GuiGraphicsMixin from mod iceberg->@Inject::storeLocalsOptifine(Lnet/minecraft/class_327;Ljava/util/List;IILnet/minecraft/class_8000;Lorg/spongepowered/asm/mixin/injection/callback/CallbackInfo;Ljava/lang/Object;IIIILorg/joml/Vector2ic;)V.
 Expected: [Ljava/lang/Object;, I, I, I, I, Lorg/joml/Vector2ic;]
    Found: [I, I, I, I, Lorg/joml/Vector2ic;]
Available: [I, I, I, I, Lorg/joml/Vector2ic;]
[16:22:11] [Render thread/INFO]: Loaded config file.
[16:22:11] [Render thread/INFO]: Saved config file.
[16:22:11] [Render thread/INFO]: Better Archeology says Hello
[16:22:11] [Render thread/INFO]: [STDOUT]: All 5 have been set properly
[16:22:11] [Render thread/INFO]: Registering Items from betterarcheology
[16:22:11] [Render thread/INFO]: Registering Blocks from betterarcheology
[16:22:11] [Render thread/INFO]: ModEntityTypes of betterarcheology registered.
[16:22:11] [Render thread/INFO]: Registering Enchantments for betterarcheology
[16:22:12] [Render thread/INFO]: Fixing MC-151457. Crafting remainder for minecraft:pufferfish_bucket is now minecraft:bucket.
[16:22:12] [Render thread/INFO]: Fixing MC-151457. Crafting remainder for minecraft:salmon_bucket is now minecraft:bucket.
[16:22:12] [Render thread/INFO]: Fixing MC-151457. Crafting remainder for minecraft:cod_bucket is now minecraft:bucket.
[16:22:12] [Render thread/INFO]: Fixing MC-151457. Crafting remainder for minecraft:tropical_fish_bucket is now minecraft:bucket.
[16:22:12] [Render thread/INFO]: Fixing MC-151457. Crafting remainder for minecraft:axolotl_bucket is now minecraft:bucket.
[16:22:12] [Render thread/INFO]: Fixing MC-151457. Crafting remainder for minecraft:powder_snow_bucket is now minecraft:bucket.
[16:22:12] [Render thread/INFO]: Fixing MC-151457. Crafting remainder for minecraft:tadpole_bucket is now minecraft:bucket.
[16:22:12] [Render thread/INFO]: ChatAnimation initialized!
[16:22:16] [Render thread/INFO]: Create: Dragon Lib Create Dragon Lib has initialized, ready to support your Create add-ons!
[16:22:16] [Render thread/INFO]: CEI: hyper_experience_orb got converted to hyper_experience_orb
[16:22:16] [Render thread/INFO]: CEI: hyper_experience_bottle got converted to hyper_experience_bottle
[16:22:16] [Render thread/INFO]: Hello 1.20.1 Create!
[16:22:17] [Render thread/INFO]: Registering items for Create Deco
[16:22:17] [Render thread/INFO]: Registering blocks for Create Deco
[16:22:17] [Render thread/INFO]: Create Deco is accessing Porting Lib on a Fabric client!
[16:22:17] [Render thread/INFO]: placard tooltip was null
[16:22:17] [Render thread/INFO]: placard tooltip was null
[16:22:17] [Render thread/INFO]: placard tooltip was null
[16:22:17] [Render thread/INFO]: placard tooltip was null
[16:22:17] [Render thread/INFO]: placard tooltip was null
[16:22:17] [Render thread/INFO]: placard tooltip was null
[16:22:17] [Render thread/INFO]: placard tooltip was null
[16:22:17] [Render thread/INFO]: placard tooltip was null
[16:22:17] [Render thread/INFO]: placard tooltip was null
[16:22:17] [Render thread/INFO]: placard tooltip was null
[16:22:17] [Render thread/INFO]: placard tooltip was null
[16:22:17] [Render thread/INFO]: placard tooltip was null
[16:22:17] [Render thread/INFO]: placard tooltip was null
[16:22:17] [Render thread/INFO]: placard tooltip was null
[16:22:17] [Render thread/INFO]: placard tooltip was null
[16:22:17] [Render thread/INFO]: Saving config because the loaded bug fixes are different to stored json.
[16:22:17] [Render thread/INFO]: Saving Debugify
[16:22:17] [Render thread/INFO]: Enabled 11 bug fixes: [MC-577, MC-59810, MC-89146, MC-90683, MC-112730, MC-121772, MC-122477, MC-140646, MC-199467, MC-237493, MC-263865]
[16:22:17] [Render thread/INFO]: Successfully Debugify'd your game!
[16:22:17] [Render thread/INFO]: Fadeless is running
[16:22:17] [Render thread/INFO]: [FANCYMENU] Loading v3.2.3 in client-side mode on FABRIC!
[16:22:17] [Render thread/INFO]: Mixing client.MixinClientPacketListener from mixins/common/nochatreports.mixins.json into net.minecraft.class_634
[16:22:17] [Render thread/ERROR]: No data fixer registered for immersive_aircraft:gyrodyne
[16:22:17] [Render thread/ERROR]: No data fixer registered for immersive_aircraft:biplane
[16:22:17] [Render thread/ERROR]: No data fixer registered for immersive_aircraft:airship
[16:22:17] [Render thread/ERROR]: No data fixer registered for immersive_aircraft:cargo_airship
[16:22:17] [Render thread/ERROR]: No data fixer registered for immersive_aircraft:warship
[16:22:17] [Render thread/ERROR]: No data fixer registered for immersive_aircraft:quadrocopter
[16:22:17] [Render thread/ERROR]: No data fixer registered for immersive_aircraft:bullet
[16:22:17] [Render thread/ERROR]: No data fixer registered for immersive_aircraft:tiny_tnt
[16:22:17] [Render thread/INFO]: [KONKRETE] Successfully initialized!
[16:22:17] [Render thread/INFO]: [KONKRETE] Server-side libs ready to use!
[16:22:17] [Render thread/INFO]: [MELODY] Loading Melody background audio library..
[16:22:17] [Render thread/INFO]: Definitely not up to no good
[16:22:17] [Render thread/INFO]: KONNICHIWA ZA WARUDO!
[16:22:17] [Render thread/INFO]: Default JVM text encoding is: windows-1251
[16:22:18] [Render thread/INFO]: Reading config file NoChatReports/NCR-Common.json...
[16:22:18] [Render thread/INFO]: Reading config file NoChatReports/NCR-Client.json...
[16:22:18] [Render thread/INFO]: Reading config file NoChatReports/NCR-ServerPreferences.json...
[16:22:18] [Render thread/INFO]: Reading config file NoChatReports/NCR-Encryption.json...
[16:22:18] [Render thread/INFO]: Writing config file NoChatReports/NCR-Common.json...
[16:22:18] [Render thread/INFO]: Writing config file NoChatReports/NCR-Client.json...
[16:22:18] [Render thread/INFO]: Writing config file NoChatReports/NCR-ServerPreferences.json...
[16:22:18] [Render thread/INFO]: Writing config file NoChatReports/NCR-Encryption.json...
[16:22:18] [Render thread/INFO]: Client initialization...
[16:22:18] [Render thread/INFO]: Registered bogey styles from railways
[16:22:18] [Render thread/INFO]: Registering data fixers
[16:22:18] [Render thread/INFO]: 0 Datafixer optimizations took 0 milliseconds
[16:22:18] [Render thread/INFO]: Registering tracks for Hex Casting
[16:22:18] [Render thread/INFO]: Registering tracks for Oh The Biomes You'll Go
[16:22:18] [Render thread/INFO]: Registering tracks for Blue Skies
[16:22:18] [Render thread/INFO]: Registering tracks for Twilight Forest
[16:22:18] [Render thread/INFO]: Registering tracks for Biomes O' Plenty
[16:22:18] [Render thread/INFO]: Registering tracks for Nature's Spirit
[16:22:18] [Render thread/INFO]: Registering tracks for Dreams and Desires
[16:22:18] [Render thread/INFO]: Registering tracks for Quark
[16:22:18] [Render thread/INFO]: Registering tracks for TerraFirmaCraft
[16:22:19] [Render thread/INFO]: Reflections took 123 ms to scan 1 urls, producing 1 keys and 4 values
[16:22:19] [Render thread/INFO]: Reflections took 3 ms to scan 1 urls, producing 1 keys and 4 values
[16:22:19] [Render thread/INFO]: AdvancementInfo initialized
[16:22:19] [Render thread/INFO]: Registering S2C receiver with id architectury:spawn_entity_packet
[16:22:19] [Render thread/INFO]: registering Server->Client packages
[16:22:19] [Render thread/INFO]: [BetterF3] Loading...
[16:22:19] [Render thread/INFO]: [BetterF3] All done!
[16:22:19] [Render thread/INFO]: Initializing 'Better Statistics Screen' as 'BetterStatsClient'.
[16:22:19] [Render thread/INFO]: Mixing client.MixinJoinMultiplayerScreen from mixins/common/nochatreports.mixins.json into net.minecraft.class_500
[16:22:19] [Render thread/INFO]: Renaming synthetic method lambda$onInit$2()Lnet/minecraft/class_2561; to md8a5a4e$nochatreports$lambda$onInit$2$0 in mixins/common/nochatreports.mixins.json:client.MixinJoinMultiplayerScreen from mod nochatreports
[16:22:19] [Render thread/INFO]: Renaming synthetic method lambda$onInit$1(Lnet/minecraft/class_4185;)V to md8a5a4e$nochatreports$lambda$onInit$1$1 in mixins/common/nochatreports.mixins.json:client.MixinJoinMultiplayerScreen from mod nochatreports
[16:22:19] [Render thread/INFO]: Renaming synthetic method lambda$onInit$0(Lnet/minecraft/class_4185;)V to md8a5a4e$nochatreports$lambda$onInit$0$2 in mixins/common/nochatreports.mixins.json:client.MixinJoinMultiplayerScreen from mod nochatreports
[16:22:21] [Render thread/INFO]: Trying to read config file...
[16:22:21] [Render thread/INFO]: A config file was found, loading it..
[16:22:21] [Render thread/INFO]: Successfully loaded config file.
[16:22:21] [Render thread/INFO]: [citresewn] Registering CIT Conditions
[16:22:21] [Render thread/INFO]: [citresewn] Registering CIT Types
[16:22:21] [Render thread/INFO]: Pre-initializing Controlify...
[16:22:21] [Render thread/INFO]: Re-caching descriptions because json doesn't match config.
[16:22:21] [Render thread/INFO]: Connecting to 'bugs.mojang.com' to cache bug descriptions!
[16:22:21] [Render thread/INFO]: Successfully registered 'minecraft:netherite_chestplate' and 3 more items!
[16:22:21] [Render thread/INFO]: Successfully registered 'minecraft:diamond_helmet' and 3 more items!
[16:22:21] [Render thread/INFO]: Successfully registered 'minecraft:turtle_helmet'!
[16:22:21] [Render thread/INFO]: Successfully registered 'minecraft:iron_helmet' and 3 more items!
[16:22:21] [Render thread/INFO]: Successfully registered 'minecraft:chainmail_helmet' and 3 more items!
[16:22:21] [Render thread/INFO]: Successfully registered 'minecraft:golden_helmet' and 3 more items!
[16:22:21] [Render thread/INFO]: Successfully registered 'minecraft:leather_helmet' and 3 more items!
[16:22:21] [Render thread/INFO]: Successfully registered 'minecraft:elytra'!
[16:22:21] [Render thread/INFO]: Dynamic FPS 3.4.3 active on Fabric!
[16:22:22] [Render thread/INFO]: Loading Entity Model Features, PI = 3.1415927 and you can't convince me otherwise.
[16:22:22] [Render thread/INFO]: 6 new ETF Random Properties registered by entity_model_features.
[16:22:22] [Render thread/INFO]: Loading Entity Texture Features, hello there!
[16:22:22] [Render thread/INFO]: [Indigo] Different rendering plugin detected; not applying Indigo.
[16:22:22] [Render thread/INFO]: [FastQuit] Initialized
[16:22:22] [ForkJoinPool.commonPool-worker-1/ERROR]: Description Cache: 418 - 
[16:22:22] [Render thread/INFO]: Iris detected.
[16:22:22] [Render thread/WARN]: Configuration file C:\Users\ой\Desktop\MultiMC\instances\Fabulously Optimized 5.4.1\.minecraft\config\itemborders-common.toml is not correct. Correcting
[16:22:23] [ForkJoinPool.commonPool-worker-1/ERROR]: Description Cache: 418 - 
[16:22:23] [Render thread/INFO]: Sending ConfigManager...
[16:22:23] [Render thread/INFO]: Sending ConfigManager took 3.228 ms
[16:22:23] [Render thread/INFO]: [LambDynLights] Initializing LambDynamicLights...
[16:22:23] [Render thread/INFO]: [LambDynLights] Configuration loaded.
[16:22:23] [ForkJoinPool.commonPool-worker-1/ERROR]: Description Cache: 418 - 
[16:22:23] [ForkJoinPool.commonPool-worker-1/ERROR]: Description Cache: 418 - 
[16:22:23] [ForkJoinPool.commonPool-worker-1/ERROR]: Description Cache: 418 - 
[16:22:23] [Render thread/INFO]: OptiGlue initialized.
[16:22:23] [Render thread/INFO]: OptiGUI initialized.
[16:22:23] [ForkJoinPool.commonPool-worker-1/ERROR]: Description Cache: 418 - 
[16:22:24] [ForkJoinPool.commonPool-worker-1/ERROR]: Description Cache: 418 - 
[16:22:24] [ForkJoinPool.commonPool-worker-1/ERROR]: Description Cache: 418 - 
[16:22:24] [Render thread/INFO]: Initializing 'TCD Commons API' 3.9.6+fabric-1.20.1 as 'TCDCommonsClient'.
[16:22:24] [Render thread/INFO]: Loading Xaero's World Map - Stage 1/2
[16:22:24] [ForkJoinPool.commonPool-worker-1/ERROR]: Description Cache: 418 - 
[16:22:24] [ForkJoinPool.commonPool-worker-1/ERROR]: Description Cache: 418 - 
[16:22:25] [ForkJoinPool.commonPool-worker-1/ERROR]: Description Cache: 418 - 
[16:22:25] [ForkJoinPool.commonPool-worker-1/ERROR]: Description Cache: 418 - 
[16:22:25] [ForkJoinPool.commonPool-worker-1/ERROR]: Description Cache: 418 - 
[16:22:25] [Render thread/ERROR]: suppressed exception
java.net.SocketTimeoutException: Connect timed out
	at jdk.internal.reflect.NativeConstructorAccessorImpl.newInstance0(Native Method) ~[?:?]
	at jdk.internal.reflect.NativeConstructorAccessorImpl.newInstance(Unknown Source) ~[?:?]
	at jdk.internal.reflect.DelegatingConstructorAccessorImpl.newInstance(Unknown Source) ~[?:?]
	at java.lang.reflect.Constructor.newInstanceWithCaller(Unknown Source) ~[?:?]
	at java.lang.reflect.Constructor.newInstance(Unknown Source) ~[?:?]
	at sun.net.www.protocol.http.HttpURLConnection$10.run(Unknown Source) ~[?:?]
	at sun.net.www.protocol.http.HttpURLConnection$10.run(Unknown Source) ~[?:?]
	at java.security.AccessController.doPrivileged(Unknown Source) ~[?:?]
	at sun.net.www.protocol.http.HttpURLConnection.getChainedException(Unknown Source) ~[?:?]
	at sun.net.www.protocol.http.HttpURLConnection.getInputStream0(Unknown Source) ~[?:?]
	at sun.net.www.protocol.http.HttpURLConnection.getInputStream(Unknown Source) ~[?:?]
	at xaero.map.patreon.Patreon.checkPatreon(Patreon.java:78) ~[XaerosWorldMap_1.38.4_Fabric_1.20.jar:?]
	at xaero.map.WorldMap.loadClient(WorldMap.java:153) ~[XaerosWorldMap_1.38.4_Fabric_1.20.jar:?]
	at xaero.map.WorldMapFabric.loadClient(WorldMapFabric.java:90) ~[XaerosWorldMap_1.38.4_Fabric_1.20.jar:?]
	at xaero.map.WorldMapFabric.onInitializeClient(WorldMapFabric.java:49) ~[XaerosWorldMap_1.38.4_Fabric_1.20.jar:?]
	at net.fabricmc.loader.impl.FabricLoaderImpl.invokeEntrypoints(FabricLoaderImpl.java:384) ~[fabric-loader-0.15.11.jar:?]
	at net.fabricmc.loader.impl.game.minecraft.Hooks.startClient(Hooks.java:53) ~[fabric-loader-0.15.11.jar:?]
	at net.minecraft.class_310.<init>(class_310.java:458) ~[client-intermediary.jar:?]
	at net.minecraft.client.main.Main.main(Main.java:211) ~[minecraft-1.20.1-client.jar:?]
	at net.fabricmc.loader.impl.game.minecraft.MinecraftGameProvider.launch(MinecraftGameProvider.java:470) ~[fabric-loader-0.15.11.jar:?]
	at net.fabricmc.loader.impl.launch.knot.Knot.launch(Knot.java:74) ~[fabric-loader-0.15.11.jar:?]
	at net.fabricmc.loader.impl.launch.knot.KnotClient.main(KnotClient.java:23) ~[fabric-loader-0.15.11.jar:?]
	at jdk.internal.reflect.NativeMethodAccessorImpl.invoke0(Native Method) ~[?:?]
	at jdk.internal.reflect.NativeMethodAccessorImpl.invoke(Unknown Source) ~[?:?]
	at jdk.internal.reflect.DelegatingMethodAccessorImpl.invoke(Unknown Source) ~[?:?]
	at java.lang.reflect.Method.invoke(Unknown Source) ~[?:?]
	at org.multimc.onesix.OneSixLauncher.launchWithMainClass(OneSixLauncher.java:243) ~[NewLaunch.jar:?]
	at org.multimc.onesix.OneSixLauncher.launch(OneSixLauncher.java:278) ~[NewLaunch.jar:?]
	at org.multimc.EntryPoint.listen(EntryPoint.java:143) ~[NewLaunch.jar:?]
	at org.multimc.EntryPoint.main(EntryPoint.java:34) ~[NewLaunch.jar:?]
Caused by: java.net.SocketTimeoutException: Connect timed out
	at sun.nio.ch.NioSocketImpl.timedFinishConnect(Unknown Source) ~[?:?]
	at sun.nio.ch.NioSocketImpl.connect(Unknown Source) ~[?:?]
	at java.net.Socket.connect(Unknown Source) ~[?:?]
	at sun.net.NetworkClient.doConnect(Unknown Source) ~[?:?]
	at sun.net.www.http.HttpClient.openServer(Unknown Source) ~[?:?]
	at sun.net.www.http.HttpClient.openServer(Unknown Source) ~[?:?]
	at sun.net.www.http.HttpClient.<init>(Unknown Source) ~[?:?]
	at sun.net.www.http.HttpClient.New(Unknown Source) ~[?:?]
	at sun.net.www.http.HttpClient.New(Unknown Source) ~[?:?]
	at sun.net.www.protocol.http.HttpURLConnection.getNewHttpClient(Unknown Source) ~[?:?]
	at sun.net.www.protocol.http.HttpURLConnection.plainConnect0(Unknown Source) ~[?:?]
	at sun.net.www.protocol.http.HttpURLConnection.plainConnect(Unknown Source) ~[?:?]
	at sun.net.www.protocol.http.HttpURLConnection.connect(Unknown Source) ~[?:?]
	at sun.net.www.protocol.http.HttpURLConnection.getInputStream0(Unknown Source) ~[?:?]
	at sun.net.www.protocol.http.HttpURLConnection.getInputStream(Unknown Source) ~[?:?]
	at sun.net.www.protocol.http.HttpURLConnection.getHeaderField(Unknown Source) ~[?:?]
	at java.net.URLConnection.getHeaderFieldLong(Unknown Source) ~[?:?]
	at java.net.URLConnection.getContentLengthLong(Unknown Source) ~[?:?]
	at xaero.map.patreon.Patreon.checkPatreon(Patreon.java:76) ~[XaerosWorldMap_1.38.4_Fabric_1.20.jar:?]
	... 18 more
[16:22:25] [ForkJoinPool.commonPool-worker-1/ERROR]: Description Cache: 418 - 
[16:22:26] [ForkJoinPool.commonPool-worker-1/ERROR]: Description Cache: 418 - 
[16:22:26] [ForkJoinPool.commonPool-worker-1/ERROR]: Description Cache: 418 - 
[16:22:26] [ForkJoinPool.commonPool-worker-1/ERROR]: Description Cache: 418 - 
[16:22:26] [Render thread/ERROR]: suppressed exception
java.net.SocketTimeoutException: Connect timed out
	at jdk.internal.reflect.NativeConstructorAccessorImpl.newInstance0(Native Method) ~[?:?]
	at jdk.internal.reflect.NativeConstructorAccessorImpl.newInstance(Unknown Source) ~[?:?]
	at jdk.internal.reflect.DelegatingConstructorAccessorImpl.newInstance(Unknown Source) ~[?:?]
	at java.lang.reflect.Constructor.newInstanceWithCaller(Unknown Source) ~[?:?]
	at java.lang.reflect.Constructor.newInstance(Unknown Source) ~[?:?]
	at sun.net.www.protocol.http.HttpURLConnection$10.run(Unknown Source) ~[?:?]
	at sun.net.www.protocol.http.HttpURLConnection$10.run(Unknown Source) ~[?:?]
	at java.security.AccessController.doPrivileged(Unknown Source) ~[?:?]
	at sun.net.www.protocol.http.HttpURLConnection.getChainedException(Unknown Source) ~[?:?]
	at sun.net.www.protocol.http.HttpURLConnection.getInputStream0(Unknown Source) ~[?:?]
	at sun.net.www.protocol.http.HttpURLConnection.getInputStream(Unknown Source) ~[?:?]
	at xaero.map.misc.Internet.checkModVersion(Internet.java:54) ~[XaerosWorldMap_1.38.4_Fabric_1.20.jar:?]
	at xaero.map.WorldMap.loadClient(WorldMap.java:154) ~[XaerosWorldMap_1.38.4_Fabric_1.20.jar:?]
	at xaero.map.WorldMapFabric.loadClient(WorldMapFabric.java:90) ~[XaerosWorldMap_1.38.4_Fabric_1.20.jar:?]
	at xaero.map.WorldMapFabric.onInitializeClient(WorldMapFabric.java:49) ~[XaerosWorldMap_1.38.4_Fabric_1.20.jar:?]
	at net.fabricmc.loader.impl.FabricLoaderImpl.invokeEntrypoints(FabricLoaderImpl.java:384) ~[fabric-loader-0.15.11.jar:?]
	at net.fabricmc.loader.impl.game.minecraft.Hooks.startClient(Hooks.java:53) ~[fabric-loader-0.15.11.jar:?]
	at net.minecraft.class_310.<init>(class_310.java:458) ~[client-intermediary.jar:?]
	at net.minecraft.client.main.Main.main(Main.java:211) ~[minecraft-1.20.1-client.jar:?]
	at net.fabricmc.loader.impl.game.minecraft.MinecraftGameProvider.launch(MinecraftGameProvider.java:470) ~[fabric-loader-0.15.11.jar:?]
	at net.fabricmc.loader.impl.launch.knot.Knot.launch(Knot.java:74) ~[fabric-loader-0.15.11.jar:?]
	at net.fabricmc.loader.impl.launch.knot.KnotClient.main(KnotClient.java:23) ~[fabric-loader-0.15.11.jar:?]
	at jdk.internal.reflect.NativeMethodAccessorImpl.invoke0(Native Method) ~[?:?]
	at jdk.internal.reflect.NativeMethodAccessorImpl.invoke(Unknown Source) ~[?:?]
	at jdk.internal.reflect.DelegatingMethodAccessorImpl.invoke(Unknown Source) ~[?:?]
	at java.lang.reflect.Method.invoke(Unknown Source) ~[?:?]
	at org.multimc.onesix.OneSixLauncher.launchWithMainClass(OneSixLauncher.java:243) ~[NewLaunch.jar:?]
	at org.multimc.onesix.OneSixLauncher.launch(OneSixLauncher.java:278) ~[NewLaunch.jar:?]
	at org.multimc.EntryPoint.listen(EntryPoint.java:143) ~[NewLaunch.jar:?]
	at org.multimc.EntryPoint.main(EntryPoint.java:34) ~[NewLaunch.jar:?]
Caused by: java.net.SocketTimeoutException: Connect timed out
	at sun.nio.ch.NioSocketImpl.timedFinishConnect(Unknown Source) ~[?:?]
	at sun.nio.ch.NioSocketImpl.connect(Unknown Source) ~[?:?]
	at java.net.Socket.connect(Unknown Source) ~[?:?]
	at sun.net.NetworkClient.doConnect(Unknown Source) ~[?:?]
	at sun.net.www.http.HttpClient.openServer(Unknown Source) ~[?:?]
	at sun.net.www.http.HttpClient.openServer(Unknown Source) ~[?:?]
	at sun.net.www.http.HttpClient.<init>(Unknown Source) ~[?:?]
	at sun.net.www.http.HttpClient.New(Unknown Source) ~[?:?]
	at sun.net.www.http.HttpClient.New(Unknown Source) ~[?:?]
	at sun.net.www.protocol.http.HttpURLConnection.getNewHttpClient(Unknown Source) ~[?:?]
	at sun.net.www.protocol.http.HttpURLConnection.plainConnect0(Unknown Source) ~[?:?]
	at sun.net.www.protocol.http.HttpURLConnection.plainConnect(Unknown Source) ~[?:?]
	at sun.net.www.protocol.http.HttpURLConnection.connect(Unknown Source) ~[?:?]
	at sun.net.www.protocol.http.HttpURLConnection.getInputStream0(Unknown Source) ~[?:?]
	at sun.net.www.protocol.http.HttpURLConnection.getInputStream(Unknown Source) ~[?:?]
	at sun.net.www.protocol.http.HttpURLConnection.getHeaderField(Unknown Source) ~[?:?]
	at java.net.URLConnection.getHeaderFieldLong(Unknown Source) ~[?:?]
	at java.net.URLConnection.getContentLengthLong(Unknown Source) ~[?:?]
	at xaero.map.misc.Internet.checkModVersion(Internet.java:52) ~[XaerosWorldMap_1.38.4_Fabric_1.20.jar:?]
	... 18 more
[16:22:26] [Render thread/INFO]: Deserializing YACLConfig from 'C:\Users\ой\Desktop\MultiMC\instances\Fabulously Optimized 5.4.1\.minecraft\config\yacl.json5'
[16:22:26] [ForkJoinPool.commonPool-worker-1/ERROR]: Description Cache: 418 - 
[16:22:27] [ForkJoinPool.commonPool-worker-1/ERROR]: Description Cache: 418 - 
[16:22:27] [Render thread/INFO]: Mixing client.MixinOptions from mixins/common/nochatreports.mixins.json into net.minecraft.class_315
[16:22:27] [Render thread/INFO]: Renaming synthetic method lambda$onlyShowSecureChat$0(Ljava/lang/Boolean;)V to md8a5a4e$nochatreports$lambda$onlyShowSecureChat$0$2 in mixins/common/nochatreports.mixins.json:client.MixinOptions from mod nochatreports
[16:22:27] [Render thread/INFO]: Mixing client.MixinChatComponent from mixins/common/nochatreports.mixins.json into net.minecraft.class_338
[16:22:27] [Render thread/INFO]: Renaming synthetic method lambda$modifyGUIMessage$1()V to md8a5a4e$nochatreports$lambda$modifyGUIMessage$1$0 in mixins/common/nochatreports.mixins.json:client.MixinChatComponent from mod nochatreports
[16:22:27] [Render thread/INFO]: Renaming synthetic method lambda$modifyGUIMessage$0(Lnet/minecraft/class_5348;Lnet/minecraft/class_2561;)V to md8a5a4e$nochatreports$lambda$modifyGUIMessage$0$1 in mixins/common/nochatreports.mixins.json:client.MixinChatComponent from mod nochatreports
[16:22:27] [Render thread/INFO]: Mixing client.MixinGuiMessageTagIcon from mixins/common/nochatreports.mixins.json into net.minecraft.class_7591$class_7592
[16:22:27] [Render thread/INFO]: Renaming @Invoker method create(Ljava/lang/String;IIIII)Lnet/minecraft/class_7591$class_7592; to create$nochatreports_$md$8a5a4e$0 in mixins/common/nochatreports.mixins.json:client.MixinGuiMessageTagIcon from mod nochatreports
[16:22:27] [ForkJoinPool.commonPool-worker-1/ERROR]: Description Cache: 418 - 
[16:22:27] [ForkJoinPool.commonPool-worker-1/ERROR]: Description Cache: 418 - 
[16:22:27] [ForkJoinPool.commonPool-worker-1/ERROR]: Description Cache: 418 - 
[16:22:27] [ForkJoinPool.commonPool-worker-1/ERROR]: Description Cache: 418 - 
[16:22:28] [Render thread/INFO]: Backend library: LWJGL version 3.3.1 SNAPSHOT
[16:22:28] [ForkJoinPool.commonPool-worker-1/ERROR]: Description Cache: 418 - 
[16:22:28] [ForkJoinPool.commonPool-worker-1/ERROR]: Description Cache: 418 - 
[16:22:28] [Render thread/INFO]: OpenGL Vendor: ATI Technologies Inc.
[16:22:28] [Render thread/INFO]: OpenGL Renderer: AMD Radeon(TM) Graphics
[16:22:28] [Render thread/INFO]: OpenGL Version: 3.2.14761 Core Profile Forward-Compatible No Error Context 21.30.44 30.0.13044.0
[16:22:28] [Render thread/INFO]: Initializing ImmediatelyFast 1.2.15+1.20.4 on AMD Radeon(TM) Graphics (ATI Technologies Inc.) with OpenGL 3.2.14761 Core Profile Forward-Compatible No Error Context 21.30.44 30.0.13044.0
[16:22:28] [Render thread/INFO]: AMD GPU detected. Enabling coherent buffer mapping
[16:22:28] [Render thread/INFO]: Found Iris/Oculus 1.6.17. Enabling compatibility.
[16:22:28] [ForkJoinPool.commonPool-worker-1/ERROR]: Description Cache: 418 - 
[16:22:28] [ForkJoinPool.commonPool-worker-1/ERROR]: Description Cache: 418 - 
[16:22:28] [Render thread/INFO]: Debug functionality is disabled.
[16:22:28] [Render thread/INFO]: ARB_direct_state_access detected, enabling DSA.
[16:22:28] [Render thread/INFO]: Shaders are disabled because enableShaders is set to false in iris.properties
[16:22:28] [Render thread/INFO]: Shaders are disabled
[16:22:28] [Render thread/INFO]: ARRP register - before vanilla
[16:22:28] [Render thread/INFO]: ARRP register - after vanilla
[16:22:29] [Render thread/INFO]: ARRP register - before user
[16:22:29] [Render thread/WARN]: Removed resource pack file/Icons v.1.9.1╖7 (1).zip from options because it doesn't seem to exist anymore
[16:22:29] [Render thread/WARN]: Removed resource pack file/FreshAnimations_v1.9 (1).zip from options because it doesn't seem to exist anymore
[16:22:29] [ForkJoinPool.commonPool-worker-1/ERROR]: Description Cache: 418 - 
[16:22:29] [ForkJoinPool.commonPool-worker-1/ERROR]: Description Cache: 418 - 
[16:22:29] [Render thread/WARN]: Method overwrite conflict for getModel in fabric-model-loading-api-v1.mixins.json:BakedModelManagerMixin from mod fabric-model-loading-api-v1, previously written by foundationgames.enhancedblockentities.mixin.BakedModelManagerMixin. Skipping method.
[16:22:29] [ForkJoinPool.commonPool-worker-1/ERROR]: Description Cache: 418 - 
[16:22:29] [Render thread/INFO]: Hardware information:
[16:22:29] [Render thread/INFO]: CPU: 8x AMD Ryzen 7 4700U with Radeon Graphics 
[16:22:29] [Render thread/INFO]: GPU: AMD Radeon(TM) Graphics (Supports OpenGL 3.2.14761 Core Profile Forward-Compatible No Error Context 21.30.44 30.0.13044.0)
[16:22:29] [Render thread/INFO]: OS: Windows 10 (10.0)
[16:22:29] [ForkJoinPool.commonPool-worker-1/ERROR]: Description Cache: 418 - 
[16:22:29] [Render thread/INFO]: Replacing search trees with 'JEI' provider
[16:22:30] [ForkJoinPool.commonPool-worker-1/ERROR]: Description Cache: 418 - 
[16:22:30] [ForkJoinPool.commonPool-worker-1/ERROR]: Description Cache: 418 - 
[16:22:30] [Render thread/INFO]: [FANCYMENU] Registering resource reload listener..
[16:22:30] [Finalizer/WARN]: One or more BufferBuilders have been leaked, ModernFix will attempt to correct this.
[16:22:30] [ForkJoinPool.commonPool-worker-1/ERROR]: Description Cache: 418 - 
[16:22:30] [Render thread/INFO]: [FANCYMENU] Initializing screen customization engine! Addons should NOT REGISTER TO REGISTRIES anymore now!
[16:22:30] [ForkJoinPool.commonPool-worker-1/ERROR]: Description Cache: 418 - 
[16:22:30] [Render thread/INFO]: Mixing client.MixinConnectScreen from mixins/common/nochatreports.mixins.json into net.minecraft.class_412
[16:22:31] [ForkJoinPool.commonPool-worker-1/ERROR]: Description Cache: 418 - 
[16:22:31] [Render thread/INFO]: Mixing client.MixinChatListener from mixins/common/nochatreports.mixins.json into net.minecraft.class_7594
[16:22:31] [Render thread/INFO]: [FANCYMENU] Minecraft resource reload: STARTING
[16:22:31] [Render thread/INFO]: Invalidating pack caches
[16:22:31] [Render thread/INFO]: Reloading ResourceManager: vanilla, fabric (advanced_runtime_resource_pack, advancementinfo, animatica, another_furniture, appleskin, bedbenefits, betterarcheology, betterf3, bettermounthud, betterstats, betterthirdperson, boatiview, bookshelf, borderlessmining, caffeineconfig, capes, cardinal-components, cardinal-components-base, cardinal-components-block, cardinal-components-chunk, cardinal-components-entity, cardinal-components-item, cardinal-components-level, cardinal-components-scoreboard, cardinal-components-world, chat_heads, chatanimation, citresewn, citresewn-defaults, clickthrough, cloth-config, conditional-mixin, continuity, controlify, create, create_enchantment_industry, create_new_age, createdeco, debugify, detailab, dripstone_fluid_lib, dynamic_fps, eatinganimationid, enhancedblockentities, entity_model_features, entity_texture_features, entityculling, explosiveenhancement, fabric-api, fabric-api-base, fabric-api-lookup-api-v1, fabric-biome-api-v1, fabric-block-api-v1, fabric-block-view-api-v2, fabric-blockrenderlayer-v1, fabric-client-tags-api-v1, fabric-command-api-v1, fabric-command-api-v2, fabric-commands-v0, fabric-containers-v0, fabric-content-registries-v0, fabric-convention-tags-v1, fabric-crash-report-info-v1, fabric-data-attachment-api-v1, fabric-data-generation-api-v1, fabric-dimensions-v1, fabric-entity-events-v1, fabric-events-interaction-v0, fabric-events-lifecycle-v0, fabric-game-rule-api-v1, fabric-item-api-v1, fabric-item-group-api-v1, fabric-key-binding-api-v1, fabric-keybindings-v0, fabric-language-kotlin, fabric-lifecycle-events-v1, fabric-loot-api-v2, fabric-loot-tables-v1, fabric-message-api-v1, fabric-mining-level-api-v1, fabric-model-loading-api-v1, fabric-models-v0, fabric-networking-api-v1, fabric-networking-v0, fabric-object-builder-api-v1, fabric-particles-v1, fabric-recipe-api-v1, fabric-registry-sync-v0, fabric-renderer-api-v1, fabric-renderer-indigo, fabric-renderer-registries-v1, fabric-rendering-data-attachment-v1, fabric-rendering-fluids-v1, fabric-rendering-v0, fabric-rendering-v1, fabric-resource-conditions-api-v1, fabric-resource-loader-v0, fabric-screen-api-v1, fabric-screen-handler-api-v1, fabric-sound-api-v1, fabric-transfer-api-v1, fabric-transitive-access-wideners-v1, fabricloader, fabricskyboxes, fabrishot, fadeless, fancymenu, farmersdelight, fastquit, flywheel, forgeconfigapiport, fsb-interop, gbfabrictools, immediatelyfast, immersive_aircraft, indium, iris, jei, konkrete, lambdynlights, languagereload, lazydfu, legendarytooltips, litematica, lithium, malilib, midnightlib, milk, mixintrace, mm, modernfix, modmenu, morechathistory, moreculling, mr_dungeons_andtaverns, nochatreports, notenoughanimations, optigui, plasmovoice, porting_lib_accessors, porting_lib_attributes, porting_lib_base, porting_lib_brewing, porting_lib_client_events, porting_lib_common, porting_lib_config, porting_lib_core, porting_lib_data, porting_lib_entity, porting_lib_extensions, porting_lib_fluids, porting_lib_gametest, porting_lib_lazy_registration, porting_lib_mixin_extensions, porting_lib_model_generators, porting_lib_model_loader, porting_lib_model_materials, porting_lib_models, porting_lib_networking, porting_lib_obj_loader, porting_lib_tags, porting_lib_tool_actions, porting_lib_transfer, porting_lib_utility, pride, puzzle, puzzle-base, puzzle-gui, puzzle-models, puzzle-splashscreen, railways, reach-entity-attributes, reeses-sodium-options, registrate-fabric, skinlayers3d, sodium, sodium-extra, spruceui, status-effect-bars, tcdcommons, team_reborn_energy, trinkets, visuality, xaeroworldmap, yet_another_config_lib_v3, yosbr, zoomify), continuity:glass_pane_culling_fix, continuity:default, file/SodiumTranslations.zip, file/Mod Menu Helper.zip, file/Chat Reporting Helper.zip, file/Fast Better Grass.zip, minecraft:supporteatinganimation
[16:22:31] [Render thread/INFO]: closing rrp ebe:base_resources
[16:22:31] [Render thread/INFO]: ARRP register - before vanilla
[16:22:31] [Render thread/INFO]: ARRP register - after vanilla
[16:22:31] [ForkJoinPool.commonPool-worker-1/ERROR]: Description Cache: 418 - 
[16:22:31] [Worker-ResourceReload-5/INFO]: Found unifont_all_no_pua-15.0.06.hex, loading
[16:22:31] [ForkJoinPool.commonPool-worker-1/ERROR]: Description Cache: 418 - 
[16:22:31] [Worker-ResourceReload-2/ERROR]: [citresewn] Warning: betterarcheology:seas_bounty is not in the enchantment registry @L3 in betterarcheology:citresewn/cit/seas_bounty_artifact.properties from fabric
[16:22:31] [Render thread/ERROR]: [citresewn] Caution! Broken paths is enabled!
[16:22:31] [Render thread/INFO]: [FANCYMENU] Preloading animations! This could cause the loading screen to freeze for a while..
[16:22:31] [Render thread/INFO]: [FANCYMENU] Finished preloading animations!
[16:22:31] [Render thread/INFO]: [FANCYMENU] Starting late client initialization phase..
[16:22:31] [ForkJoinPool.commonPool-worker-1/ERROR]: Description Cache: 418 - 
[16:22:31] [Worker-ResourceReload-2/INFO]: [citresewn] Loading item CIT models...
[16:22:31] [Render thread/INFO]: [KONKRETE] Client-side libs ready to use!
[16:22:31] [ForkJoinPool.commonPool-worker-1/ERROR]: Description Cache: 418 - 
[16:22:32] [ForkJoinPool.commonPool-worker-1/ERROR]: Description Cache: 418 - 
[16:22:32] [Render thread/INFO]: Mixing client.MixinChatOptionsScreen from mixins/common/nochatreports.mixins.json into net.minecraft.class_404
[16:22:32] [Render thread/INFO]: Renaming synthetic method lambda$init$0(Lnet/minecraft/class_339;)V to md8a5a4e$nochatreports$lambda$init$0$0 in mixins/common/nochatreports.mixins.json:client.MixinChatOptionsScreen from mod nochatreports
[16:22:32] [ForkJoinPool.commonPool-worker-1/ERROR]: Description Cache: 418 - 
[16:22:32] [ForkJoinPool.commonPool-worker-1/ERROR]: Description Cache: 418 - 
[16:22:32] [ForkJoinPool.commonPool-worker-1/ERROR]: Description Cache: 418 - 
[16:22:33] [ForkJoinPool.commonPool-worker-1/ERROR]: Description Cache: 418 - 
[16:22:33] [Render thread/INFO]: [FANCYMENU] ScreenCustomizationLayer registered: title_screen
[16:22:33] [ForkJoinPool.commonPool-worker-1/ERROR]: Description Cache: 418 - 
[16:22:34] [ForkJoinPool.commonPool-worker-1/ERROR]: Description Cache: 418 - 
[16:22:34] [Render thread/INFO]: Creating pipeline for dimension NamespacedId{namespace='minecraft', name='overworld'}
[16:22:34] [ForkJoinPool.commonPool-worker-1/ERROR]: Description Cache: 418 - 
[16:22:34] [Worker-ResourceReload-2/INFO]: Early baking 761 models
[16:22:34] [ForkJoinPool.commonPool-worker-1/ERROR]: Description Cache: 418 - 
[16:22:34] [Render thread/INFO]: Mixing client.MixinServerData from mixins/common/nochatreports.mixins.json into net.minecraft.class_642
[16:22:34] [Render thread/INFO]: Cached all modded block culling states
[16:22:34] [Render thread/INFO]: Game entered main loop!
[16:22:34] [ForkJoinPool.commonPool-worker-1/ERROR]: Description Cache: 418 - 
[16:22:35] [Render thread/INFO]: Loading Xaero's World Map - Stage 2/2
[16:22:35] [Render thread/INFO]: New world map region cache hash code: 170317246
[16:22:35] [Render thread/INFO]: Registered player tracker system: map_synced
[16:22:35] [Render thread/INFO]: No Optifine!
[16:22:35] [Render thread/INFO]: Xaero's World Map: No Vivecraft!
[16:22:35] [Render thread/INFO]: Xaero's World Map: Iris found!
[16:22:35] [ForkJoinPool.commonPool-worker-1/ERROR]: Description Cache: 418 - 
[16:22:35] [Worker-ResourceReload-2/INFO]: [citresewn] Linking baked models to item CITs...
[16:22:35] [ForkJoinPool.commonPool-worker-1/ERROR]: Description Cache: 418 - 
[16:22:35] [Render thread/WARN]: Missing sound for event: minecraft:item.goat_horn.play
[16:22:35] [Render thread/WARN]: Missing sound for event: minecraft:entity.goat.screaming.horn_break
[16:22:35] [ForkJoinPool.commonPool-worker-1/ERROR]: Description Cache: 418 - 
[16:22:35] [Render thread/INFO]: OpenAL initialized on device OpenAL Soft on дХМЮЛХЙХ (USB Audio Device)
[16:22:35] [Render thread/INFO]: Sound engine started
[16:22:35] [Render thread/INFO]: [FANCYMENU] Reloading AudioResourceHandler after Minecraft SoundEngine reload..
[16:22:35] [Render thread/INFO]: Created: 4096x2048x4 minecraft:textures/atlas/blocks.png-atlas
[16:22:36] [ForkJoinPool.commonPool-worker-1/ERROR]: Description Cache: 418 - 
[16:22:36] [ForkJoinPool.commonPool-worker-1/ERROR]: Description Cache: 418 - 
[16:22:36] [ForkJoinPool.commonPool-worker-1/ERROR]: Description Cache: 418 - 
[16:22:36] [Render thread/INFO]: Created: 512x256x4 minecraft:textures/atlas/signs.png-atlas
[16:22:36] [Render thread/INFO]: Created: 512x512x4 minecraft:textures/atlas/banner_patterns.png-atlas
[16:22:36] [Render thread/INFO]: Created: 512x512x4 minecraft:textures/atlas/shield_patterns.png-atlas
[16:22:36] [Render thread/INFO]: Created: 1024x1024x4 minecraft:textures/atlas/armor_trims.png-atlas
[16:22:36] [Render thread/INFO]: Created: 256x256x4 minecraft:textures/atlas/chest.png-atlas
[16:22:36] [Render thread/INFO]: Created: 128x64x4 minecraft:textures/atlas/decorated_pot.png-atlas
[16:22:36] [Render thread/INFO]: Created: 512x256x4 minecraft:textures/atlas/shulker_boxes.png-atlas
[16:22:36] [Render thread/INFO]: Created: 512x256x4 minecraft:textures/atlas/beds.png-atlas
[16:22:36] [ForkJoinPool.commonPool-worker-1/ERROR]: Description Cache: 418 - 
[16:22:37] [ForkJoinPool.commonPool-worker-1/ERROR]: Description Cache: 418 - 
[16:22:37] [ForkJoinPool.commonPool-worker-1/ERROR]: Description Cache: 418 - 
[16:22:37] [ForkJoinPool.commonPool-worker-1/ERROR]: Description Cache: 418 - 
[16:22:37] [ForkJoinPool.commonPool-worker-1/ERROR]: Description Cache: 418 - 
[16:22:37] [Render thread/WARN]: Shader rendertype_entity_translucent_emissive could not find sampler named Sampler2 in the specified shader program.
[16:22:38] [Render thread/INFO]: Created: 2048x1024x0 minecraft:textures/atlas/particles.png-atlas
[16:22:38] [ForkJoinPool.commonPool-worker-1/ERROR]: Description Cache: 418 - 
[16:22:38] [Render thread/INFO]: Created: 256x256x0 minecraft:textures/atlas/paintings.png-atlas
[16:22:38] [Render thread/INFO]: Created: 256x128x0 minecraft:textures/atlas/mob_effects.png-atlas
[16:22:38] [Render thread/INFO]: [FANCYMENU] Reloading resources..
[16:22:38] [Render thread/INFO]: [FANCYMENU] Pre-loading resources..
[16:22:38] [Render thread/INFO]: Created: 256x128x0 jei:textures/atlas/gui.png-atlas
[16:22:38] [Render thread/WARN]: Removing existing FSB skies...
[16:22:38] [Render thread/WARN]: FSB-Interop is converting MCPatcher/OptiFine custom skies resource packs! Any visual bugs are likely caused by FSB-Interop. Please do not report these issues to FabricSkyBoxes nor Resource Pack creators!
[16:22:38] [Render thread/INFO]: Looking for OptiFine/MCPatcher Skies...
[16:22:38] [ForkJoinPool.commonPool-worker-1/ERROR]: Description Cache: 418 - 
[16:22:38] [Render thread/INFO]: Loaded all shader sources.
[16:22:38] [ForkJoinPool.commonPool-worker-1/ERROR]: Description Cache: 418 - 
[16:22:38] [Render thread/INFO]: Successfully reloaded the world map shaders!
[16:22:38] [Render thread/INFO]: Successfully loaded image 'zoomify:textures/demo/third-person-hud.webp'
[16:22:38] [Render thread/INFO]: Successfully loaded image 'zoomify:textures/demo/third-person-view.webp'
[16:22:38] [Render thread/INFO]: Successfully loaded image 'zoomify:textures/demo/zoom-hand.webp'
[16:22:38] [Render thread/INFO]: Successfully loaded image 'zoomify:textures/demo/zoom-world.webp'
[16:22:38] [Render thread/INFO]: Successfully loaded image 'controlify:textures/screenshots/reach-around-placement.webp'
[16:22:38] [Render thread/INFO]: Successfully loaded image 'controlify:textures/screenshots/reduce-aim-sensitivity.webp'
[16:22:38] [ForkJoinPool.commonPool-worker-1/ERROR]: Description Cache: 418 - 
[16:22:38] [Render thread/INFO]: Successfully loaded image 'controlify:textures/screenshots/screen-button-guide.webp'
[16:22:38] [Render thread/INFO]: reloading ETF data.
[16:22:38] [Render thread/INFO]: emissive suffixes loaded: {_e}.
[16:22:38] [Render thread/INFO]: emissive suffixes loaded: {_e}.
[16:22:38] [Render thread/INFO]: [FANCYMENU] Updating animation sizes..
[16:22:38] [Render thread/INFO]: [FANCYMENU] Minecraft resource reload: FINISHED
[16:22:38] [Render thread/INFO]: Initializing Controlify...
[16:22:38] [Render thread/INFO]: Loading Controlify config...
[16:22:38] [Render thread/WARN]: Game took 47.702 seconds to start
[16:22:39] [ForkJoinPool.commonPool-worker-1/ERROR]: Description Cache: 418 - 
[16:22:39] [ForkJoinPool.commonPool-worker-1/ERROR]: Description Cache: 418 - 
[16:22:40] [Render thread/INFO]: [FANCYMENU] ScreenCustomizationLayer registered: join_multiplayer_screen
[16:22:40] [Render thread/ERROR]: Couldn't load server list
net.minecraft.class_148: Loading NBT data
	at net.minecraft.class_2487.method_10581(class_2487.java:506) ~[client-intermediary.jar:?]
	at net.minecraft.class_2487$1.method_23240(class_2487.java:71) ~[client-intermediary.jar:?]
	at net.minecraft.class_2487$1.method_23262(class_2487.java:57) ~[client-intermediary.jar:?]
	at net.minecraft.class_2499$1.method_23249(class_2499.java:43) ~[client-intermediary.jar:?]
	at net.minecraft.class_2499$1.method_23262(class_2499.java:26) ~[client-intermediary.jar:?]
	at net.minecraft.class_2487.method_10581(class_2487.java:500) ~[client-intermediary.jar:?]
	at net.minecraft.class_2487$1.method_23240(class_2487.java:71) ~[client-intermediary.jar:?]
	at net.minecraft.class_2487$1.method_23262(class_2487.java:57) ~[client-intermediary.jar:?]
	at net.minecraft.class_2507.method_10626(class_2507.java:147) ~[client-intermediary.jar:?]
	at net.minecraft.class_2507.method_10625(class_2507.java:91) ~[client-intermediary.jar:?]
	at net.minecraft.class_2507.method_10633(class_2507.java:82) ~[client-intermediary.jar:?]
	at net.minecraft.class_641.method_2981(class_641.java:37) ~[client-intermediary.jar:?]
	at net.minecraft.class_500.method_25426(class_500.java:66) ~[client-intermediary.jar:?]
	at net.minecraft.class_437.method_25423(class_437.java:297) ~[client-intermediary.jar:?]
	at net.minecraft.class_310.method_1507(class_310.java:1080) ~[client-intermediary.jar:?]
	at net.minecraft.class_442.method_19860(class_442.java:167) ~[client-intermediary.jar:?]
	at net.minecraft.class_4185.method_25306(class_4185.java:94) ~[client-intermediary.jar:?]
	at net.minecraft.class_4264.method_25348(class_4264.java:56) ~[client-intermediary.jar:?]
	at net.minecraft.class_339.method_25402(class_339.java:189) ~[client-intermediary.jar:?]
	at net.minecraft.class_4069.method_25402(class_4069.java:38) ~[client-intermediary.jar:?]
	at net.minecraft.class_442.method_25402(class_442.java:299) ~[client-intermediary.jar:?]
	at net.minecraft.class_312.method_1611(class_312.java:98) ~[client-intermediary.jar:?]
	at net.minecraft.class_437.method_25412(class_437.java:409) ~[client-intermediary.jar:?]
	at net.minecraft.class_312.method_1601(class_312.java:98) ~[client-intermediary.jar:?]
	at net.minecraft.class_312.method_22686(class_312.java:169) ~[client-intermediary.jar:?]
	at net.minecraft.class_1255.execute(class_1255.java:102) ~[client-intermediary.jar:?]
	at net.minecraft.class_312.method_22684(class_312.java:169) ~[client-intermediary.jar:?]
	at org.lwjgl.glfw.GLFWMouseButtonCallbackI.callback(GLFWMouseButtonCallbackI.java:43) ~[lwjgl-glfw-3.3.1.jar:?]
	at org.lwjgl.system.JNI.invokeV(Native Method) ~[lwjgl-3.3.1.jar:?]
	at org.lwjgl.glfw.GLFW.glfwWaitEventsTimeout(GLFW.java:3474) ~[lwjgl-glfw-3.3.1.jar:?]
	at com.mojang.blaze3d.systems.RenderSystem.limitDisplayFPS(RenderSystem.java:237) ~[client-intermediary.jar:?]
	at net.minecraft.class_310.method_1523(class_310.java:1244) ~[client-intermediary.jar:?]
	at net.minecraft.class_310.method_1514(class_310.java:802) ~[client-intermediary.jar:?]
	at net.minecraft.client.main.Main.main(Main.java:250) ~[minecraft-1.20.1-client.jar:?]
	at net.fabricmc.loader.impl.game.minecraft.MinecraftGameProvider.launch(MinecraftGameProvider.java:470) ~[fabric-loader-0.15.11.jar:?]
	at net.fabricmc.loader.impl.launch.knot.Knot.launch(Knot.java:74) ~[fabric-loader-0.15.11.jar:?]
	at net.fabricmc.loader.impl.launch.knot.KnotClient.main(KnotClient.java:23) ~[fabric-loader-0.15.11.jar:?]
	at jdk.internal.reflect.NativeMethodAccessorImpl.invoke0(Native Method) ~[?:?]
	at jdk.internal.reflect.NativeMethodAccessorImpl.invoke(Unknown Source) ~[?:?]
	at jdk.internal.reflect.DelegatingMethodAccessorImpl.invoke(Unknown Source) ~[?:?]
	at java.lang.reflect.Method.invoke(Unknown Source) ~[?:?]
	at org.multimc.onesix.OneSixLauncher.launchWithMainClass(OneSixLauncher.java:243) ~[NewLaunch.jar:?]
	at org.multimc.onesix.OneSixLauncher.launch(OneSixLauncher.java:278) ~[NewLaunch.jar:?]
	at org.multimc.EntryPoint.listen(EntryPoint.java:143) ~[NewLaunch.jar:?]
	at org.multimc.EntryPoint.main(EntryPoint.java:34) ~[NewLaunch.jar:?]
Caused by: java.io.UTFDataFormatException: malformed input: partial character at end
	at java.io.DataInputStream.readUTF(Unknown Source) ~[?:?]
	at java.io.DataInputStream.readUTF(Unknown Source) ~[?:?]
	at net.minecraft.class_2519$1.method_23257(class_2519.java:25) ~[client-intermediary.jar:?]
	at net.minecraft.class_2519$1.method_23262(class_2519.java:19) ~[client-intermediary.jar:?]
	at net.minecraft.class_2487.method_10581(class_2487.java:500) ~[client-intermediary.jar:?]
	... 44 more
[16:22:40] [Render thread/INFO]: Mixing client.MixinOnlineServerEntry from mixins/common/nochatreports.mixins.json into net.minecraft.class_4267$class_4270
[16:22:40] [Render thread/INFO]: Renaming synthetic method lambda$onRender$0()Ljava/util/ArrayList; to md8a5a4e$nochatreports$lambda$onRender$0$0 in mixins/common/nochatreports.mixins.json:client.MixinOnlineServerEntry from mod nochatreports
[16:22:40] [Render thread/INFO]: Mixing client.MixinRowHelper from mixins/common/nochatreports.mixins.json into net.minecraft.class_7845$class_7939
[16:22:42] [Render thread/INFO]: [FANCYMENU] ScreenCustomizationLayer registered: edit_server_screen
[16:23:22] [Render thread/INFO]: [FANCYMENU] ScreenCustomizationLayer registered: select_world_screen
[16:23:25] [Render thread/INFO]: [FANCYMENU] ScreenCustomizationLayer registered: options_screen
[16:23:26] [Render thread/INFO]: [FANCYMENU] ScreenCustomizationLayer registered: me.jellysquid.mods.sodium.client.gui.SodiumOptionsGUI
[16:23:26] [Render thread/INFO]: [FANCYMENU] ScreenCustomizationLayer registered: me.flashyreese.mods.reeses_sodium_options.client.gui.SodiumVideoOptionsScreen
[16:23:31] [Render thread/INFO]: [FANCYMENU] ScreenCustomizationLayer registered: net.coderbot.iris.gui.screen.ShaderPackScreen
[16:23:39] [Render thread/INFO]: [FANCYMENU] ScreenCustomizationLayer registered: language_select_screen
[16:23:46] [CullThread/INFO]: [STDOUT]: Shutting down culling task!
[16:23:46] [Render thread/INFO]: Stopping!
[16:23:46] [Render thread/INFO]: Shutting down
[16:23:46] [Render thread/INFO]: Stopping JEI
[16:23:46] [Render thread/INFO]: Stopping JEI
[16:23:46] [Render thread/INFO]: Sending Runtime Unavailable...
[16:23:46] [Render thread/INFO]: Stopping JEI GUI
[16:23:46] [Render thread/INFO]: Sending Runtime Unavailable took 441.2 ?s
[16:23:46] [Render thread/INFO]: [FANCYMENU] ScreenCustomizationLayer registered: progress_screen
[16:23:46] [Render thread/INFO]: emissive suffixes loaded: {_e}.
[16:23:46] [Render thread/INFO]: Clearing 'BetterStatsClientNetworkHandler' flags.
[16:23:46] [Render thread/INFO]: [FastQuit] Exiting FastQuit.
[16:23:46] [Render thread/INFO]: closing rrp ebe:base_resources
