[16:09:55] [main/INFO]: Loading Minecraft 1.20.1 with Fabric Loader 0.15.11
[16:09:56] [main/INFO]: Dependencies overridden for minecraft, lambdynlights, fabricloader, debugify
[16:09:56] [main/WARN]: Warnings were found!
 - 'Minecraft' (minecraft) 1.20.1 recommends any version after 5.4.1 of Fabulously Optimized, which is missing!
	 - You should install any version after 5.4.1 of Fabulously Optimized for the optimal experience.
[16:09:56] [main/INFO]: Loading 157 mods:
	- advancementinfo 1.20-fabric0.83.0-1.4
	- animatica 0.6+1.20
	- bettermounthud 1.2.2
	- borderlessmining 1.1.8+1.20.1
	- capes 1.5.2+1.20
	- citresewn 1.1.3+1.20
	   \-- citresewn-defaults 1.1.3+1.20
	- cloth-config 11.1.106
	   \-- cloth-basic-math 0.6.1
	- continuity 3.0.0-beta.4+1.20.1
	- controlify 1.6.0+1.20
	   |-- dev_isxander_sdl2-jni 2.28.2-26
	   |-- org_hid4java_hid4java 0.7.0
	   \-- org_quiltmc_quilt-json5 1.0.3
	- debugify 1.20.1+2.0
	- dynamic_fps 3.2.1
	- enhancedblockentities 0.9+1.20
	   |-- advanced_runtime_resource_pack 0.6.7
	   \-- spruceui 5.0.0+1.20
	- entity_model_features 1.0.2
	- entity_texture_features 4.5.1
	   \-- org_apache_httpcomponents_httpmime 4.5.10
	- entityculling 1.6.2-mc1.20.1
	- fabric-api 0.90.0+1.20.1
	   |-- fabric-api-base 0.4.30+7abfd51577
	   |-- fabric-api-lookup-api-v1 1.6.35+4d8536c977
	   |-- fabric-biome-api-v1 13.0.12+215bbe9677
	   |-- fabric-block-api-v1 1.0.10+92a0d36777
	   |-- fabric-block-view-api-v2 1.0.0+92a0d36777
	   |-- fabric-blockrenderlayer-v1 1.1.40+b3afc78b77
	   |-- fabric-client-tags-api-v1 1.1.1+97bb207577
	   |-- fabric-command-api-v1 1.2.33+f71b366f77
	   |-- fabric-command-api-v2 2.2.12+b3afc78b77
	   |-- fabric-commands-v0 0.2.50+df3654b377
	   |-- fabric-containers-v0 0.1.63+df3654b377
	   |-- fabric-content-registries-v0 4.0.10+57aed33f77
	   |-- fabric-convention-tags-v1 1.5.4+a1a980da77
	   |-- fabric-crash-report-info-v1 0.2.18+aeb40ebe77
	   |-- fabric-data-generation-api-v1 12.3.2+d7b148e077
	   |-- fabric-dimensions-v1 2.1.53+8536527b77
	   |-- fabric-entity-events-v1 1.5.22+b3afc78b77
	   |-- fabric-events-interaction-v0 0.6.1+e91849a877
	   |-- fabric-events-lifecycle-v0 0.2.62+df3654b377
	   |-- fabric-game-rule-api-v1 1.0.38+b04edc7a77
	   |-- fabric-item-api-v1 2.1.27+b3afc78b77
	   |-- fabric-item-group-api-v1 4.0.11+d7b148e077
	   |-- fabric-key-binding-api-v1 1.0.36+fb8d95da77
	   |-- fabric-keybindings-v0 0.2.34+df3654b377
	   |-- fabric-lifecycle-events-v1 2.2.21+b3afc78b77
	   |-- fabric-loot-api-v2 1.2.0+96dfa95977
	   |-- fabric-loot-tables-v1 1.1.44+9e7660c677
	   |-- fabric-message-api-v1 5.1.8+d7b148e077
	   |-- fabric-mining-level-api-v1 2.1.49+b3afc78b77
	   |-- fabric-model-loading-api-v1 1.0.2+709a987177
	   |-- fabric-models-v0 0.4.1+9386d8a777
	   |-- fabric-networking-api-v1 1.3.10+eeb8eb3677
	   |-- fabric-networking-v0 0.3.50+df3654b377
	   |-- fabric-object-builder-api-v1 11.1.1+6beca84877
	   |-- fabric-particles-v1 1.1.1+201a23a077
	   |-- fabric-recipe-api-v1 1.0.20+b3afc78b77
	   |-- fabric-registry-sync-v0 2.3.2+4df89eb277
	   |-- fabric-renderer-api-v1 3.2.0+39a511ba77
	   |-- fabric-renderer-indigo 1.5.0+39a511ba77
	   |-- fabric-renderer-registries-v1 3.2.45+df3654b377
	   |-- fabric-rendering-data-attachment-v1 0.3.36+92a0d36777
	   |-- fabric-rendering-fluids-v1 3.0.27+b3afc78b77
	   |-- fabric-rendering-v0 1.1.48+df3654b377
	   |-- fabric-rendering-v1 3.0.7+b3afc78b77
	   |-- fabric-resource-conditions-api-v1 2.3.6+d7b148e077
	   |-- fabric-resource-loader-v0 0.11.9+132c48c177
	   |-- fabric-screen-api-v1 2.0.7+b3afc78b77
	   |-- fabric-screen-handler-api-v1 1.3.29+b3afc78b77
	   |-- fabric-sound-api-v1 1.0.12+b3afc78b77
	   |-- fabric-transfer-api-v1 3.3.1+195226a777
	   \-- fabric-transitive-access-wideners-v1 4.3.0+6c31357e77
	- fabric-language-kotlin 1.10.10+kotlin.1.9.10
	   |-- org_jetbrains_kotlin_kotlin-reflect 1.9.10
	   |-- org_jetbrains_kotlin_kotlin-stdlib 1.9.10
	   |-- org_jetbrains_kotlin_kotlin-stdlib-jdk7 1.9.10
	   |-- org_jetbrains_kotlin_kotlin-stdlib-jdk8 1.9.10
	   |-- org_jetbrains_kotlinx_atomicfu-jvm 0.22.0
	   |-- org_jetbrains_kotlinx_kotlinx-coroutines-core-jvm 1.7.3
	   |-- org_jetbrains_kotlinx_kotlinx-coroutines-jdk8 1.7.3
	   |-- org_jetbrains_kotlinx_kotlinx-datetime-jvm 0.4.0
	   |-- org_jetbrains_kotlinx_kotlinx-serialization-cbor-jvm 1.6.0
	   |-- org_jetbrains_kotlinx_kotlinx-serialization-core-jvm 1.6.0
	   \-- org_jetbrains_kotlinx_kotlinx-serialization-json-jvm 1.6.0
	- fabricloader 0.15.11
	   \-- mixinextras 0.3.5
	- fabricskyboxes 0.7.3+mc1.20.1
	- fabrishot 1.10.0
	- fadeless 1.0.1
	- fastquit 3.0.0+1.20+
	- ferritecore 6.0.0
	- fsb-interop 1.3.6+mc1.20.1-build.50
	- immediatelyfast 1.2.6+1.20.2
	   \-- net_lenni0451_reflect 1.2.4
	- indium 1.0.27+mc1.20.1
	- iris 1.6.10
	   |-- io_github_douira_glsl-transformer 2.0.0-pre13
	   |-- org_anarres_jcpp 1.4.14
	   \-- org_antlr_antlr4-runtime 4.11.1
	- isxander-main-menu-credits 1.1.2
	- java 17
	- lambdynlights 2.3.2+1.20.1
	   |-- pride 1.2.0+1.19.4
	   \-- spruceui 5.0.0+1.20
	- languagereload 1.5.9+1.20.1
	- litematica 0.15.3
	- lithium 0.11.2
	- malilib 0.16.3
	- memoryleakfix 1.1.2
	- minecraft 1.20.1
	- mixintrace 1.1.1+1.17
	- modelfix 1.14
	- modernfix 5.8.1+mc1.20.1
	- modmenu 7.2.2
	- morechathistory 1.1.1
	- moreculling 1.20.1-0.19.0
	   \-- conditional-mixin 0.3.2
	- nochatreports 1.20.1-v2.2.2
	- optigui 2.1.5
	   |-- optiglue 2.1.5-mc.1.19.3
	   |-- org_apache_commons_commons-text 1.10.0
	   \-- org_ini4j_ini4j 0.5.4
	- plasmovoice 2.0.9
	   |-- aopalliance_aopalliance 1.0
	   |-- com_google_inject_guice 5.0.1
	   |-- fabric-permissions-api-v0 0.2-SNAPSHOT
	   \-- javax_inject_javax_inject 1
	- puzzle 1.5.2+1.20
	   |-- midnightlib 1.4.1
	   |-- puzzle-base 1.5.2+1.20
	   |-- puzzle-gui 1.5.2+1.20
	   |-- puzzle-models 1.5.2+1.20
	   \-- puzzle-splashscreen 1.5.2+1.20
	- reeses-sodium-options 1.6.5+mc1.20.1-build.95
	- rrls 3.2.0-1.20.1-fabric
	- sodium 0.5.3
	- sodium-extra 0.5.1+mc1.20.1-build.112
	   |-- caffeineconfig 1.3.0+1.17
	   \-- crowdin-translate 1.4+1.19.3
	- tmmouse 1.0
	- xaeroworldmap 1.38.4
	- yet_another_config_lib_v3 3.2.1+1.20
	   |-- com_twelvemonkeys_common_common-image 3.10.0-SNAPSHOT
	   |-- com_twelvemonkeys_common_common-io 3.10.0-SNAPSHOT
	   |-- com_twelvemonkeys_common_common-lang 3.10.0-SNAPSHOT
	   |-- com_twelvemonkeys_imageio_imageio-core 3.10.0-SNAPSHOT
	   |-- com_twelvemonkeys_imageio_imageio-metadata 3.10.0-SNAPSHOT
	   |-- com_twelvemonkeys_imageio_imageio-webp 3.10.0-SNAPSHOT
	   |-- org_quiltmc_parsers_gson 0.2.1
	   \-- org_quiltmc_parsers_json 0.2.1
	- yosbr 0.1.2
	- zoomify 2.11.2
	   |-- com_akuleshov7_ktoml-core-jvm 0.4.1
	   |-- dev_isxander_settxi_settxi-core 2.10.6
	   \-- dev_isxander_settxi_settxi-kotlinx-serialization 2.10.6
[16:09:56] [main/INFO]: Applying default options... (YOSBR)
[16:09:57] [main/INFO]: SpongePowered MIXIN Subsystem Version=0.8.5 Source=file:/C:/Users/%d0%9f%d0%9a/Desktop/MultiMC/libraries/net/fabricmc/sponge-mixin/0.13.3+mixin.0.8.5/sponge-mixin-0.13.3+mixin.0.8.5.jar Service=Knot/Fabric Env=CLIENT
[16:09:57] [main/INFO]: Compatibility level set to JAVA_16
[16:09:57] [main/INFO]: Compatibility level set to JAVA_17
[16:09:57] [main/INFO]: Preloading Debugify
[16:09:57] [main/WARN]: Reference map 'entity_model_features_fabric_1.20-fabric-refmap.json' for entity_model_features.mixins.json could not be read. If this is a development environment you can ignore this message
[16:09:58] [main/INFO]: Loaded configuration file for Lithium: 115 options available, 1 override(s) found
[16:09:58] [main/INFO]: Loaded configuration file for ModernFix 5.8.1+mc1.20.1: 52 options available, 1 override(s) found
[16:09:58] [main/WARN]: Option 'mixin.perf.dynamic_resources' overriden (by user configuration) to 'true'
[16:09:58] [main/INFO]: Applying Nashorn fix
[16:09:58] [main/INFO]: Loaded configuration file for Sodium: 41 options available, 3 override(s) found
[16:09:58] [main/INFO]: Loaded configuration file for Sodium Extra: 32 options available, 0 override(s) found
[16:09:58] [main/WARN]: Error loading class: de/maxhenkel/voicechat/voice/client/KeyEvents (java.lang.ClassNotFoundException: de/maxhenkel/voicechat/voice/client/KeyEvents)
[16:09:58] [main/WARN]: Error loading class: de/maxhenkel/voicechat/voice/client/PTTKeyHandler (java.lang.ClassNotFoundException: de/maxhenkel/voicechat/voice/client/PTTKeyHandler)
[16:09:58] [main/WARN]: Force disabled MC-121772 because it only applies to OS: MAC
[16:09:58] [main/WARN]: Force disabled MC-122477 because it only applies to OS: LINUX
[16:09:58] [main/WARN]: Force disabled MC-59810 because it only applies to OS: MAC
[16:09:59] [main/WARN]: Force-disabling mixin 'alloc.blockstate.StateMixin' as rule 'mixin.alloc.blockstate' (added by mods [ferritecore]) disables it and children
[16:09:59] [main/WARN]: Error loading class: net/fabricmc/fabric/impl/client/model/ModelLoadingRegistryImpl$LoaderInstance (java.lang.ClassNotFoundException: net/fabricmc/fabric/impl/client/model/ModelLoadingRegistryImpl$LoaderInstance)
[16:09:59] [main/WARN]: @Mixin target net.fabricmc.fabric.impl.client.model.ModelLoadingRegistryImpl$LoaderInstance was not found modernfix-fabric.mixins.json:perf.dynamic_resources.LoaderInstanceMixin from mod modernfix
[16:09:59] [main/WARN]: Error loading class: me/jellysquid/mods/sodium/client/render/occlusion/BlockOcclusionCache (java.lang.ClassNotFoundException: me/jellysquid/mods/sodium/client/render/occlusion/BlockOcclusionCache)
[16:09:59] [main/WARN]: Force-disabling mixin 'features.render.entity.CuboidMixin' as rule 'mixin.features.render.entity' (added by mods [iris]) disables it and children
[16:09:59] [main/WARN]: Force-disabling mixin 'features.render.entity.ModelPartMixin' as rule 'mixin.features.render.entity' (added by mods [iris]) disables it and children
[16:09:59] [main/WARN]: Force-disabling mixin 'features.render.entity.cull.EntityRendererMixin' as rule 'mixin.features.render.entity' (added by mods [iris]) disables it and children
[16:09:59] [main/WARN]: Force-disabling mixin 'features.render.entity.shadows.EntityRenderDispatcherMixin' as rule 'mixin.features.render.entity' (added by mods [iris]) disables it and children
[16:09:59] [main/WARN]: Force-disabling mixin 'features.render.gui.font.GlyphRendererMixin' as rule 'mixin.features.render.gui.font' (added by mods [iris]) disables it and children
[16:09:59] [main/WARN]: Force-disabling mixin 'features.render.world.sky.BackgroundRendererMixin' as rule 'mixin.features.render.world.sky' (added by mods [iris]) disables it and children
[16:09:59] [main/WARN]: Force-disabling mixin 'features.render.world.sky.ClientWorldMixin' as rule 'mixin.features.render.world.sky' (added by mods [iris]) disables it and children
[16:09:59] [main/WARN]: Force-disabling mixin 'features.render.world.sky.WorldRendererMixin' as rule 'mixin.features.render.world.sky' (added by mods [iris]) disables it and children
[16:09:59] [main/INFO]: [MemoryLeakFix] Will be applying 3 memory leak fixes!
[16:09:59] [main/INFO]: [MemoryLeakFix] Currently enabled memory leak fixes: [targetEntityLeak, biomeTemperatureLeak, hugeScreenshotLeak]
[16:10:00] [main/WARN]: Error loading class: me/jellysquid/mods/sodium/client/render/occlusion/BlockOcclusionCache (java.lang.ClassNotFoundException: me/jellysquid/mods/sodium/client/render/occlusion/BlockOcclusionCache)
[16:10:00] [main/WARN]: Error loading class: me/jellysquid/mods/sodium/client/render/occlusion/BlockOcclusionCache (java.lang.ClassNotFoundException: me/jellysquid/mods/sodium/client/render/occlusion/BlockOcclusionCache)
[16:10:00] [main/WARN]: Error loading class: org/jetbrains/annotations/ApiStatus$Internal (java.lang.ClassNotFoundException: org/jetbrains/annotations/ApiStatus$Internal)
[16:10:00] [main/INFO]: I used the json to destroy the json
[16:10:00] [main/INFO]: Searching for graphics cards...
[16:10:00] [main/INFO]: Initializing MixinExtras via com.llamalad7.mixinextras.service.MixinExtrasServiceImpl(version=0.3.5).
[16:10:00] [main/INFO]: Found graphics card: GraphicsAdapterInfo[vendor=AMD, name=AMD Radeon(TM) Graphics, version=DriverVersion=30.0.13044.0]
[16:10:02] [main/INFO]: Mixing common.MixinFriendlyByteBuf from mixins/common/nochatreports.mixins.json into net.minecraft.class_2540
[16:10:02] [main/INFO]: Renaming synthetic method lambda$onWriteJsonWithCodec$1(Ljava/lang/Object;Ljava/lang/String;)Lio/netty/handler/codec/EncoderException; to mdded536$nochatreports$lambda$onWriteJsonWithCodec$1$0 in mixins/common/nochatreports.mixins.json:common.MixinFriendlyByteBuf from mod nochatreports
[16:10:02] [main/INFO]: Renaming synthetic method lambda$onReadJsonWithCodec$0(Ljava/lang/String;)Lio/netty/handler/codec/DecoderException; to mdded536$nochatreports$lambda$onReadJsonWithCodec$0$1 in mixins/common/nochatreports.mixins.json:common.MixinFriendlyByteBuf from mod nochatreports
[16:10:04] [main/INFO]: Injecting BlockStateBase cache population hook into getNeighborPathNodeType from me.jellysquid.mods.lithium.mixin.ai.pathing.AbstractBlockStateMixin
[16:10:04] [main/INFO]: Injecting BlockStateBase cache population hook into getPathNodeType from me.jellysquid.mods.lithium.mixin.ai.pathing.AbstractBlockStateMixin
[16:10:04] [main/INFO]: Injecting BlockStateBase cache population hook into getAllFlags from me.jellysquid.mods.lithium.mixin.util.block_tracking.AbstractBlockStateMixin
[16:10:06] [main/INFO]: Mixing server.MixinServerGamePacketListenerImpl from mixins/common/nochatreports.mixins.json into net.minecraft.class_3244
[16:10:07] [main/WARN]: Method overwrite conflict for method_21740 in modernfix-common.mixins.json:perf.remove_biome_temperature_cache.BiomeMixin from mod modernfix, previously written by me.jellysquid.mods.lithium.mixin.world.temperature_cache.BiomeMixin. Skipping method.
[16:10:08] [main/INFO]: Vanilla bootstrap took 5780 milliseconds
[16:10:08] [Render thread/INFO]: Mixing client.MixinMinecraft from mixins/common/nochatreports.mixins.json into net.minecraft.class_310
[16:10:08] [Render thread/INFO]: Mixing client.MixinMinecraft from mixins/fabric/nochatreports-fabric.mixins.json into net.minecraft.class_310
[16:10:08] [Render thread/INFO]: Mixing client.MixinTitleScreen from mixins/common/nochatreports.mixins.json into net.minecraft.class_442
[16:10:08] [Render thread/INFO]: Mixing client.MixinChatScreen from mixins/common/nochatreports.mixins.json into net.minecraft.class_408
[16:10:08] [Render thread/INFO]: Renaming synthetic method lambda$onInit$4()Lnet/minecraft/class_2561; to mdded536$nochatreports$lambda$onInit$4$3 in mixins/common/nochatreports.mixins.json:client.MixinChatScreen from mod nochatreports
[16:10:08] [Render thread/INFO]: Renaming synthetic method lambda$onInit$3(Lnet/minecraft/class_4185;)V to mdded536$nochatreports$lambda$onInit$3$4 in mixins/common/nochatreports.mixins.json:client.MixinChatScreen from mod nochatreports
[16:10:08] [Render thread/INFO]: Renaming synthetic method lambda$onInit$2()Lnet/minecraft/class_2561; to mdded536$nochatreports$lambda$onInit$2$5 in mixins/common/nochatreports.mixins.json:client.MixinChatScreen from mod nochatreports
[16:10:08] [Render thread/INFO]: Renaming synthetic method lambda$onInit$1(Lnet/minecraft/class_4185;)V to mdded536$nochatreports$lambda$onInit$1$6 in mixins/common/nochatreports.mixins.json:client.MixinChatScreen from mod nochatreports
[16:10:08] [Render thread/INFO]: Renaming synthetic method lambda$onBeforeMessage$0(Ljava/lang/String;Lorg/spongepowered/asm/mixin/injection/callback/CallbackInfoReturnable;Lcom/aizistral/nochatreports/common/encryption/Encryptor;)V to mdded536$nochatreports$lambda$onBeforeMessage$0$7 in mixins/common/nochatreports.mixins.json:client.MixinChatScreen from mod nochatreports
[16:10:09] [Render thread/INFO]: Environment: authHost='https://authserver.mojang.com', accountsHost='https://api.mojang.com', sessionHost='https://sessionserver.mojang.com', servicesHost='https://api.minecraftservices.com', name='PROD'
[16:10:09] [Render thread/INFO]: Mixing client.MixinYggdrasilUserApiService from mixins/common/nochatreports.mixins.json into com.mojang.authlib.yggdrasil.YggdrasilUserApiService
[16:10:10] [Render thread/INFO]: Setting user: Kroniks53
[16:10:10] [Render thread/INFO]: Bypassed Mojang DFU
[16:10:10] [Render thread/INFO]: Mixing client.MixinToastComponent from mixins/common/nochatreports.mixins.json into net.minecraft.class_374
[16:10:10] [Render thread/INFO]: Saving config because the loaded bug fixes are different to stored json.
[16:10:10] [Render thread/INFO]: Saving Debugify
[16:10:10] [Render thread/INFO]: Enabled 11 bug fixes: [MC-577, MC-59810, MC-89146, MC-90683, MC-112730, MC-121772, MC-122477, MC-140646, MC-199467, MC-237493, MC-263865]
[16:10:10] [Render thread/INFO]: Successfully Debugify'd your game!
[16:10:10] [Render thread/INFO]: Fadeless is running
[16:10:10] [Render thread/INFO]: KONNICHIWA ZA WARUDO!
[16:10:10] [Render thread/INFO]: Default JVM text encoding is: windows-1251
[16:10:10] [Render thread/INFO]: Reading config file NoChatReports/NCR-Common.json...
[16:10:10] [Render thread/INFO]: Reading config file NoChatReports/NCR-Client.json...
[16:10:10] [Render thread/INFO]: Reading config file NoChatReports/NCR-ServerPreferences.json...
[16:10:10] [Render thread/INFO]: Reading config file NoChatReports/NCR-Encryption.json...
[16:10:10] [Render thread/INFO]: Writing config file NoChatReports/NCR-Common.json...
[16:10:10] [Render thread/INFO]: Writing config file NoChatReports/NCR-Client.json...
[16:10:10] [Render thread/INFO]: Writing config file NoChatReports/NCR-ServerPreferences.json...
[16:10:10] [Render thread/INFO]: Writing config file NoChatReports/NCR-Encryption.json...
[16:10:10] [Render thread/INFO]: Client initialization...
[16:10:10] [Render thread/INFO]: Mixing client.MixinClientPacketListener from mixins/common/nochatreports.mixins.json into net.minecraft.class_634
[16:10:10] [Render thread/INFO]: AdvancementInfo initialized
[16:10:12] [Render thread/INFO]: Trying to read config file...
[16:10:12] [Render thread/INFO]: A config file was found, loading it..
[16:10:12] [Render thread/INFO]: Successfully loaded config file.
[16:10:12] [Render thread/INFO]: [citresewn] Registering CIT Conditions
[16:10:12] [Render thread/INFO]: [citresewn] Registering CIT Types
[16:10:12] [Render thread/INFO]: Pre-initializing Controlify...
[16:10:12] [Render thread/INFO]: Re-caching descriptions because json doesn't match config.
[16:10:12] [Render thread/INFO]: Connecting to 'bugs.mojang.com' to cache bug descriptions!
[16:10:12] [Render thread/INFO]: Loading Entity Model Features, now compatible with Minecraft Legends!
[16:10:12] [Render thread/INFO]: Loading Entity Texture Features, 0% Opti, 100% Fine.
[16:10:13] [Render thread/INFO]: [Indigo] Different rendering plugin detected; not applying Indigo.
[16:10:13] [Render thread/INFO]: [FastQuit] Initialized
[16:10:13] [ForkJoinPool.commonPool-worker-1/ERROR]: Description Cache: 418 - 
[16:10:13] [Render thread/INFO]: [LambDynLights] Initializing LambDynamicLights...
[16:10:13] [Render thread/INFO]: [LambDynLights] Configuration loaded.
[16:10:13] [ForkJoinPool.commonPool-worker-1/ERROR]: Description Cache: 418 - 
[16:10:13] [ForkJoinPool.commonPool-worker-1/ERROR]: Description Cache: 418 - 
[16:10:13] [Render thread/INFO]: OptiGlue initialized.
[16:10:13] [Render thread/INFO]: OptiGUI initialized.
[16:10:14] [ForkJoinPool.commonPool-worker-1/ERROR]: Description Cache: 418 - 
[16:10:14] [ForkJoinPool.commonPool-worker-1/ERROR]: Description Cache: 418 - 
[16:10:14] [Render thread/INFO]: Loading Xaero's World Map - Stage 1/2
[16:10:14] [ForkJoinPool.commonPool-worker-1/ERROR]: Description Cache: 418 - 
[16:10:14] [ForkJoinPool.commonPool-worker-1/ERROR]: Description Cache: 418 - 
[16:10:14] [ForkJoinPool.commonPool-worker-1/ERROR]: Description Cache: 418 - 
[16:10:15] [ForkJoinPool.commonPool-worker-1/ERROR]: Description Cache: 418 - 
[16:10:15] [ForkJoinPool.commonPool-worker-1/ERROR]: Description Cache: 418 - 
[16:10:15] [ForkJoinPool.commonPool-worker-1/ERROR]: Description Cache: 418 - 
[16:10:15] [ForkJoinPool.commonPool-worker-1/ERROR]: Description Cache: 418 - 
[16:10:15] [Render thread/INFO]: Mixing client.MixinOptions from mixins/common/nochatreports.mixins.json into net.minecraft.class_315
[16:10:15] [Render thread/INFO]: Renaming synthetic method lambda$onlyShowSecureChat$0(Ljava/lang/Boolean;)V to mdded536$nochatreports$lambda$onlyShowSecureChat$0$2 in mixins/common/nochatreports.mixins.json:client.MixinOptions from mod nochatreports
[16:10:15] [Render thread/INFO]: Mixing client.MixinChatComponent from mixins/common/nochatreports.mixins.json into net.minecraft.class_338
[16:10:15] [Render thread/INFO]: Renaming synthetic method lambda$modifyGUIMessage$1()V to mdded536$nochatreports$lambda$modifyGUIMessage$1$0 in mixins/common/nochatreports.mixins.json:client.MixinChatComponent from mod nochatreports
[16:10:15] [Render thread/INFO]: Renaming synthetic method lambda$modifyGUIMessage$0(Lnet/minecraft/class_5348;Lnet/minecraft/class_2561;)V to mdded536$nochatreports$lambda$modifyGUIMessage$0$1 in mixins/common/nochatreports.mixins.json:client.MixinChatComponent from mod nochatreports
[16:10:15] [Render thread/INFO]: Mixing client.MixinGuiMessageTagIcon from mixins/common/nochatreports.mixins.json into net.minecraft.class_7591$class_7592
[16:10:15] [Render thread/INFO]: Renaming @Invoker method create(Ljava/lang/String;IIIII)Lnet/minecraft/class_7591$class_7592; to create$nochatreports_$md$ded536$0 in mixins/common/nochatreports.mixins.json:client.MixinGuiMessageTagIcon from mod nochatreports
[16:10:16] [ForkJoinPool.commonPool-worker-1/ERROR]: Description Cache: 418 - 
[16:10:16] [ForkJoinPool.commonPool-worker-1/ERROR]: Description Cache: 418 - 
[16:10:16] [ForkJoinPool.commonPool-worker-1/ERROR]: Description Cache: 418 - 
[16:10:16] [Render thread/INFO]: Backend library: LWJGL version 3.3.1 SNAPSHOT
[16:10:16] [ForkJoinPool.commonPool-worker-1/ERROR]: Description Cache: 418 - 
[16:10:16] [ForkJoinPool.commonPool-worker-1/ERROR]: Description Cache: 418 - 
[16:10:17] [Render thread/INFO]: Initializing ImmediatelyFast 1.2.6+1.20.2 on AMD Radeon(TM) Graphics (ATI Technologies Inc.) with OpenGL 3.2.14761 Core Profile Forward-Compatible No Error Context 21.30.44 30.0.13044.0
[16:10:17] [Render thread/INFO]: AMD GPU detected. Enabling coherent buffer mapping
[16:10:17] [Render thread/INFO]: Found Iris/Oculus 1.6.10. Enabling compatibility.
[16:10:17] [Render thread/INFO]: OpenGL Vendor: ATI Technologies Inc.
[16:10:17] [Render thread/INFO]: OpenGL Renderer: AMD Radeon(TM) Graphics
[16:10:17] [Render thread/INFO]: OpenGL Version: 3.2.14761 Core Profile Forward-Compatible No Error Context 21.30.44 30.0.13044.0
[16:10:17] [ForkJoinPool.commonPool-worker-1/ERROR]: Description Cache: 418 - 
[16:10:17] [Render thread/INFO]: Debug functionality is disabled.
[16:10:17] [Render thread/INFO]: ARB_direct_state_access detected, enabling DSA.
[16:10:17] [Render thread/INFO]: Shaders are disabled because enableShaders is set to false in iris.properties
[16:10:17] [Render thread/INFO]: Shaders are disabled
[16:10:17] [Render thread/INFO]: ARRP register - before vanilla
[16:10:17] [Render thread/INFO]: ARRP register - after vanilla
[16:10:17] [Render thread/INFO]: ARRP register - before user
[16:10:17] [ForkJoinPool.commonPool-worker-1/ERROR]: Description Cache: 418 - 
[16:10:17] [ForkJoinPool.commonPool-worker-1/ERROR]: Description Cache: 418 - 
[16:10:17] [Render thread/WARN]: Method overwrite conflict for getModel in fabric-model-loading-api-v1.mixins.json:BakedModelManagerMixin from mod fabric-model-loading-api-v1, previously written by foundationgames.enhancedblockentities.mixin.BakedModelManagerMixin. Skipping method.
[16:10:17] [ForkJoinPool.commonPool-worker-1/ERROR]: Description Cache: 418 - 
[16:10:18] [Render thread/INFO]: Hardware information:
[16:10:18] [Render thread/INFO]: CPU: 8x AMD Ryzen 7 4700U with Radeon Graphics 
[16:10:18] [Render thread/INFO]: GPU: AMD Radeon(TM) Graphics (Supports OpenGL 3.2.14761 Core Profile Forward-Compatible No Error Context 21.30.44 30.0.13044.0)
[16:10:18] [Render thread/INFO]: OS: Windows 10 (10.0)
[16:10:18] [Finalizer/WARN]: One or more BufferBuilders have been leaked, ModernFix will attempt to correct this.
[16:10:18] [ForkJoinPool.commonPool-worker-1/ERROR]: Description Cache: 418 - 
[16:10:18] [ForkJoinPool.commonPool-worker-1/ERROR]: Description Cache: 418 - 
[16:10:18] [ForkJoinPool.commonPool-worker-1/ERROR]: Description Cache: 418 - 
[16:10:18] [ForkJoinPool.commonPool-worker-1/ERROR]: Description Cache: 418 - 
[16:10:18] [Render thread/INFO]: Mixing client.MixinChatListener from mixins/common/nochatreports.mixins.json into net.minecraft.class_7594
[16:10:18] [Render thread/INFO]: Invalidating pack caches
[16:10:18] [Render thread/INFO]: Reloading ResourceManager: vanilla, fabric (advanced_runtime_resource_pack, advancementinfo, animatica, bettermounthud, borderlessmining, caffeineconfig, capes, citresewn, citresewn-defaults, cloth-config, conditional-mixin, continuity, controlify, debugify, dynamic_fps, enhancedblockentities, entity_model_features, entity_texture_features, entityculling, fabric-api, fabric-api-base, fabric-api-lookup-api-v1, fabric-biome-api-v1, fabric-block-api-v1, fabric-block-view-api-v2, fabric-blockrenderlayer-v1, fabric-client-tags-api-v1, fabric-command-api-v1, fabric-command-api-v2, fabric-commands-v0, fabric-containers-v0, fabric-content-registries-v0, fabric-convention-tags-v1, fabric-crash-report-info-v1, fabric-data-generation-api-v1, fabric-dimensions-v1, fabric-entity-events-v1, fabric-events-interaction-v0, fabric-events-lifecycle-v0, fabric-game-rule-api-v1, fabric-item-api-v1, fabric-item-group-api-v1, fabric-key-binding-api-v1, fabric-keybindings-v0, fabric-language-kotlin, fabric-lifecycle-events-v1, fabric-loot-api-v2, fabric-loot-tables-v1, fabric-message-api-v1, fabric-mining-level-api-v1, fabric-model-loading-api-v1, fabric-models-v0, fabric-networking-api-v1, fabric-networking-v0, fabric-object-builder-api-v1, fabric-particles-v1, fabric-recipe-api-v1, fabric-registry-sync-v0, fabric-renderer-api-v1, fabric-renderer-indigo, fabric-renderer-registries-v1, fabric-rendering-data-attachment-v1, fabric-rendering-fluids-v1, fabric-rendering-v0, fabric-rendering-v1, fabric-resource-conditions-api-v1, fabric-resource-loader-v0, fabric-screen-api-v1, fabric-screen-handler-api-v1, fabric-sound-api-v1, fabric-transfer-api-v1, fabric-transitive-access-wideners-v1, fabricloader, fabricskyboxes, fabrishot, fadeless, fastquit, fsb-interop, immediatelyfast, indium, iris, lambdynlights, languagereload, litematica, lithium, malilib, midnightlib, mixintrace, modernfix, modmenu, morechathistory, moreculling, nochatreports, optigui, plasmovoice, pride, puzzle, puzzle-base, puzzle-gui, puzzle-models, puzzle-splashscreen, reeses-sodium-options, rrls, sodium, sodium-extra, spruceui, xaeroworldmap, yet_another_config_lib_v3, yosbr, zoomify), continuity:glass_pane_culling_fix, continuity:default, file/SodiumTranslations.zip, file/Mod Menu Helper.zip, file/Chat Reporting Helper.zip, file/Fast Better Grass.zip
[16:10:18] [Render thread/INFO]: closing rrp ebe:base_resources
[16:10:18] [Render thread/INFO]: ARRP register - before vanilla
[16:10:18] [Render thread/INFO]: ARRP register - after vanilla
[16:10:18] [Render thread/INFO]: Mixing client.MixinJoinMultiplayerScreen from mixins/common/nochatreports.mixins.json into net.minecraft.class_500
[16:10:18] [Render thread/INFO]: Renaming synthetic method lambda$onInit$2()Lnet/minecraft/class_2561; to mdded536$nochatreports$lambda$onInit$2$0 in mixins/common/nochatreports.mixins.json:client.MixinJoinMultiplayerScreen from mod nochatreports
[16:10:18] [Render thread/INFO]: Renaming synthetic method lambda$onInit$1(Lnet/minecraft/class_4185;)V to mdded536$nochatreports$lambda$onInit$1$1 in mixins/common/nochatreports.mixins.json:client.MixinJoinMultiplayerScreen from mod nochatreports
[16:10:18] [Render thread/INFO]: Renaming synthetic method lambda$onInit$0(Lnet/minecraft/class_4185;)V to mdded536$nochatreports$lambda$onInit$0$2 in mixins/common/nochatreports.mixins.json:client.MixinJoinMultiplayerScreen from mod nochatreports
[16:10:19] [ForkJoinPool.commonPool-worker-1/ERROR]: Description Cache: 418 - 
[16:10:19] [Render thread/ERROR]: [citresewn] Caution! Broken paths is enabled!
[16:10:19] [Worker-ResourceReload-5/INFO]: Found unifont_all_no_pua-15.0.06.hex, loading
[16:10:19] [Render thread/INFO]: Creating pipeline for dimension NamespacedId{namespace='minecraft', name='overworld'}
[16:10:19] [ForkJoinPool.commonPool-worker-1/ERROR]: Description Cache: 418 - 
[16:10:19] [ForkJoinPool.commonPool-worker-1/ERROR]: Description Cache: 418 - 
[16:10:19] [Render thread/INFO]: Mixing client.MixinServerData from mixins/common/nochatreports.mixins.json into net.minecraft.class_642
[16:10:19] [Render thread/INFO]: Cached all modded block culling states
[16:10:19] [Render thread/INFO]: Game entered main loop!
[16:10:19] [Render thread/INFO]: Loading Xaero's World Map - Stage 2/2
[16:10:19] [Render thread/INFO]: New world map region cache hash code: -1484871986
[16:10:19] [Render thread/INFO]: Registered player tracker system: map_synced
[16:10:19] [Render thread/INFO]: No Optifine!
[16:10:19] [Render thread/INFO]: Xaero's World Map: No Vivecraft!
[16:10:19] [Render thread/INFO]: Xaero's World Map: Iris found!
[16:10:19] [Worker-ResourceReload-3/INFO]: Early baking 180 models
[16:10:19] [ForkJoinPool.commonPool-worker-1/ERROR]: Description Cache: 418 - 
[16:10:19] [ForkJoinPool.commonPool-worker-1/ERROR]: Description Cache: 418 - 
[16:10:20] [Render thread/WARN]: Missing sound for event: minecraft:item.goat_horn.play
[16:10:20] [Render thread/WARN]: Missing sound for event: minecraft:entity.goat.screaming.horn_break
[16:10:20] [ForkJoinPool.commonPool-worker-1/ERROR]: Description Cache: 418 - 
[16:10:20] [Render thread/INFO]: OpenAL initialized on device OpenAL Soft on Динамики (USB Audio Device)
[16:10:20] [Render thread/INFO]: Sound engine started
[16:10:20] [Render thread/INFO]: Created: 1024x1024x4 minecraft:textures/atlas/blocks.png-atlas
[16:10:20] [ForkJoinPool.commonPool-worker-1/ERROR]: Description Cache: 418 - 
[16:10:20] [Render thread/INFO]: Created: 256x256x4 minecraft:textures/atlas/signs.png-atlas
[16:10:20] [Render thread/INFO]: Created: 512x512x4 minecraft:textures/atlas/banner_patterns.png-atlas
[16:10:20] [Render thread/INFO]: Created: 512x512x4 minecraft:textures/atlas/shield_patterns.png-atlas
[16:10:20] [Render thread/INFO]: Created: 1024x1024x4 minecraft:textures/atlas/armor_trims.png-atlas
[16:10:20] [Render thread/INFO]: Created: 256x256x4 minecraft:textures/atlas/chest.png-atlas
[16:10:20] [Render thread/INFO]: Created: 128x64x4 minecraft:textures/atlas/decorated_pot.png-atlas
[16:10:20] [Render thread/INFO]: Created: 512x256x4 minecraft:textures/atlas/beds.png-atlas
[16:10:20] [Render thread/INFO]: Created: 512x256x4 minecraft:textures/atlas/shulker_boxes.png-atlas
[16:10:20] [ForkJoinPool.commonPool-worker-1/ERROR]: Description Cache: 418 - 
[16:10:20] [ForkJoinPool.commonPool-worker-1/ERROR]: Description Cache: 418 - 
[16:10:21] [ForkJoinPool.commonPool-worker-1/ERROR]: Description Cache: 418 - 
[16:10:21] [ForkJoinPool.commonPool-worker-1/ERROR]: Description Cache: 418 - 
[16:10:21] [Render thread/INFO]: emissive suffixes loaded: {_e}
[16:10:21] [ForkJoinPool.commonPool-worker-1/ERROR]: Description Cache: 418 - 
[16:10:21] [Render thread/WARN]: Shader rendertype_entity_translucent_emissive could not find sampler named Sampler2 in the specified shader program.
[16:10:21] [Render thread/INFO]: Created: 256x256x0 minecraft:textures/atlas/particles.png-atlas
[16:10:21] [Render thread/INFO]: Created: 256x256x0 minecraft:textures/atlas/paintings.png-atlas
[16:10:21] [Render thread/INFO]: Created: 128x128x0 minecraft:textures/atlas/mob_effects.png-atlas
[16:10:21] [ForkJoinPool.commonPool-worker-1/ERROR]: Description Cache: 418 - 
[16:10:21] [Render thread/WARN]: Removing existing FSB skies...
[16:10:21] [Render thread/WARN]: FSB-Interop is converting MCPatcher/OptiFine custom skies resource packs! Any visual bugs are likely caused by FSB-Interop. Please do not report these issues to FabricSkyBoxes nor Resource Pack creators!
[16:10:21] [Render thread/INFO]: Looking for OptiFine/MCPatcher Skies...
[16:10:21] [Render thread/INFO]: Successfully reloaded the world map shaders!
[16:10:21] [Render thread/INFO]: Initializing Controlify...
[16:10:21] [Render thread/INFO]: Loading Controlify config...
[16:10:21] [ForkJoinPool.commonPool-worker-1/ERROR]: Description Cache: 418 - 
[16:10:21] [Render thread/WARN]: Game took 27.625 seconds to start
[16:10:22] [ForkJoinPool.commonPool-worker-1/ERROR]: Description Cache: 418 - 
[16:10:22] [ForkJoinPool.commonPool-worker-1/ERROR]: Description Cache: 418 - 
[16:10:22] [ForkJoinPool.commonPool-worker-1/ERROR]: Description Cache: 418 - 
[16:10:22] [ForkJoinPool.commonPool-worker-1/ERROR]: Description Cache: 418 - 
[16:10:23] [ForkJoinPool.commonPool-worker-1/ERROR]: Description Cache: 418 - 
[16:10:23] [ForkJoinPool.commonPool-worker-1/ERROR]: Description Cache: 418 - 
[16:10:23] [ForkJoinPool.commonPool-worker-1/ERROR]: Description Cache: 418 - 
[16:10:23] [ForkJoinPool.commonPool-worker-1/ERROR]: Description Cache: 418 - 
[16:10:23] [Render thread/INFO]: Mixing client.MixinOnlineServerEntry from mixins/common/nochatreports.mixins.json into net.minecraft.class_4267$class_4270
[16:10:23] [Render thread/INFO]: Renaming synthetic method lambda$onRender$0()Ljava/util/ArrayList; to mdded536$nochatreports$lambda$onRender$0$0 in mixins/common/nochatreports.mixins.json:client.MixinOnlineServerEntry from mod nochatreports
[16:10:23] [Render thread/INFO]: Mixing client.MixinRowHelper from mixins/common/nochatreports.mixins.json into net.minecraft.class_7845$class_7939
[16:10:23] [ForkJoinPool.commonPool-worker-1/ERROR]: Description Cache: 418 - 
[16:10:24] [ForkJoinPool.commonPool-worker-1/ERROR]: Description Cache: 418 - 
[16:10:24] [ForkJoinPool.commonPool-worker-1/ERROR]: Description Cache: 418 - 
[16:10:24] [ForkJoinPool.commonPool-worker-1/ERROR]: Description Cache: 418 - 
[16:10:24] [ForkJoinPool.commonPool-worker-1/ERROR]: Description Cache: 418 - 
[16:10:25] [ForkJoinPool.commonPool-worker-1/ERROR]: Description Cache: 418 - 
[16:10:25] [ForkJoinPool.commonPool-worker-1/ERROR]: Description Cache: 418 - 
[16:10:25] [ForkJoinPool.commonPool-worker-1/ERROR]: Description Cache: 418 - 
[16:10:25] [Server Pinger #0/INFO]: Mixing client.MixinServerStatusPinger$1 from mixins/common/nochatreports.mixins.json into net.minecraft.class_644$1
[16:10:25] [Server Pinger #0/INFO]: Mixing client.MixinServerStatusPinger$1 from mixins/fabric/nochatreports-fabric.mixins.json into net.minecraft.class_644$1
[16:10:25] [Server Pinger #0/INFO]: Common mixin into ServerStatusPinger$1 succeeded.
[16:10:25] [Server Pinger #0/INFO]: Fabric mixin into ServerStatusPinger$1 succeeded.
[16:10:25] [ForkJoinPool.commonPool-worker-1/ERROR]: Description Cache: 418 - 
[16:10:25] [Netty Client IO #0/INFO]: Mixing server.MixinServerboundChatCommandPacket from mixins/common/nochatreports.mixins.json into net.minecraft.class_7472
[16:10:25] [Netty Client IO #0/INFO]: Mixing server.MixinServerboundChatPacket from mixins/common/nochatreports.mixins.json into net.minecraft.class_2797
[16:10:25] [Netty Client IO #0/INFO]: Mixing server.MixinServerboundChatSessionUpdatePacket from mixins/common/nochatreports.mixins.json into net.minecraft.class_7861
[16:10:26] [ForkJoinPool.commonPool-worker-1/ERROR]: Description Cache: 418 - 
[16:10:26] [ForkJoinPool.commonPool-worker-1/ERROR]: Description Cache: 418 - 
[16:10:26] [Netty Client IO #0/INFO]: Mixing common.MixinServerStatus from mixins/common/nochatreports.mixins.json into net.minecraft.class_2926
[16:10:26] [Render thread/INFO]: Mixing client.MixinConnectScreen from mixins/common/nochatreports.mixins.json into net.minecraft.class_412
[16:10:26] [Render thread/INFO]: emissive suffixes loaded: {_e}
[16:10:26] [Render thread/INFO]: Connecting to 127.0.0.1, 25565
[16:10:26] [ForkJoinPool.commonPool-worker-1/ERROR]: Description Cache: 418 - 
[16:10:26] [ForkJoinPool.commonPool-worker-1/ERROR]: Description Cache: 418 - 
[16:10:26] [ForkJoinPool.commonPool-worker-1/ERROR]: Description Cache: 418 - 
[16:10:27] [ForkJoinPool.commonPool-worker-1/ERROR]: Description Cache: 418 - 
[16:10:27] [ForkJoinPool.commonPool-worker-1/ERROR]: Description Cache: 418 - 
[16:10:27] [ForkJoinPool.commonPool-worker-1/ERROR]: Description Cache: 418 - 
[16:10:27] [ForkJoinPool.commonPool-worker-1/ERROR]: Description Cache: 418 - 
[16:10:28] [ForkJoinPool.commonPool-worker-1/ERROR]: Description Cache: 418 - 
[16:10:28] [Render thread/INFO]: New world map session initialized!
[16:10:28] [ForkJoinPool.commonPool-worker-1/ERROR]: Description Cache: 418 - 
[16:10:28] [Render thread/INFO]: Reloading pipeline on dimension change: NamespacedId{namespace='minecraft', name='overworld'} => NamespacedId{namespace='minecraft', name='overworld'}
[16:10:28] [Render thread/INFO]: Destroying pipeline NamespacedId{namespace='minecraft', name='overworld'}
[16:10:28] [Render thread/INFO]: Creating pipeline for dimension NamespacedId{namespace='minecraft', name='overworld'}
[16:10:28] [Render thread/WARN]: Error loading class: me/jellysquid/mods/sodium/client/render/occlusion/BlockOcclusionCache (java.lang.ClassNotFoundException: me/jellysquid/mods/sodium/client/render/occlusion/BlockOcclusionCache)
[16:10:28] [Render thread/INFO]: Started 2 worker threads
[16:10:29] [Render thread/INFO]: Using 3 total BufferBuilder caches
[16:10:29] [Render thread/ERROR]: Received unknown remote registry entries from server
[16:10:29] [Render thread/ERROR]: Registry entry (xaerominimap:no_minimap_harmful) is missing from local registry (minecraft:mob_effect)
[16:10:29] [Render thread/ERROR]: Registry entry (xaerominimap:no_waypoints_harmful) is missing from local registry (minecraft:mob_effect)
[16:10:29] [Render thread/ERROR]: Registry entry (xaerominimap:no_waypoints) is missing from local registry (minecraft:mob_effect)
[16:10:29] [Render thread/ERROR]: Registry entry (xaerominimap:no_cave_maps) is missing from local registry (minecraft:mob_effect)
[16:10:29] [Render thread/ERROR]: Registry entry (xaerominimap:no_minimap) is missing from local registry (minecraft:mob_effect)
[16:10:29] [Render thread/ERROR]: Registry entry (xaerominimap:no_entity_radar_harmful) is missing from local registry (minecraft:mob_effect)
[16:10:29] [Render thread/ERROR]: Registry entry (xaerominimap:no_cave_maps_harmful) is missing from local registry (minecraft:mob_effect)
[16:10:29] [Render thread/ERROR]: Registry entry (xaerominimap:no_entity_radar) is missing from local registry (minecraft:mob_effect)
[16:10:29] [Render thread/ERROR]: Registry remapping failed!
net.fabricmc.fabric.impl.registry.sync.RemapException: Received 8 registry entries that are unknown to this client.
This is usually caused by a mismatched mod set between the client and server. See the client logs for more details.
The following registry entry namespaces may be related:

xaerominimap

	at net.fabricmc.fabric.impl.registry.sync.RegistrySyncManager.checkRemoteRemap(RegistrySyncManager.java:388) ~[fabric-registry-sync-v0-2.3.2+4df89eb277-cd45d85773109be1.jar:?]
	at net.fabricmc.fabric.impl.registry.sync.RegistrySyncManager.apply(RegistrySyncManager.java:284) ~[fabric-registry-sync-v0-2.3.2+4df89eb277-cd45d85773109be1.jar:?]
	at net.fabricmc.fabric.impl.registry.sync.RegistrySyncManager.lambda$receivePacket$0(RegistrySyncManager.java:118) ~[fabric-registry-sync-v0-2.3.2+4df89eb277-cd45d85773109be1.jar:?]
	at java.util.concurrent.CompletableFuture$AsyncSupply.run(Unknown Source) ~[?:?]
	at net.minecraft.class_1255.method_18859(class_1255.java:156) ~[client-intermediary.jar:?]
	at net.minecraft.class_4093.method_18859(class_4093.java:23) ~[client-intermediary.jar:?]
	at net.minecraft.class_1255.method_16075(class_1255.java:130) ~[client-intermediary.jar:?]
	at net.minecraft.class_1255.method_5383(class_1255.java:115) ~[client-intermediary.jar:?]
	at net.minecraft.class_310.method_1523(class_310.java:1175) ~[client-intermediary.jar:?]
	at net.minecraft.class_310.method_1514(class_310.java:802) ~[client-intermediary.jar:?]
	at net.minecraft.client.main.Main.main(Main.java:250) ~[minecraft-1.20.1-client.jar:?]
	at net.fabricmc.loader.impl.game.minecraft.MinecraftGameProvider.launch(MinecraftGameProvider.java:470) ~[fabric-loader-0.15.11.jar:?]
	at net.fabricmc.loader.impl.launch.knot.Knot.launch(Knot.java:74) ~[fabric-loader-0.15.11.jar:?]
	at net.fabricmc.loader.impl.launch.knot.KnotClient.main(KnotClient.java:23) ~[fabric-loader-0.15.11.jar:?]
	at jdk.internal.reflect.NativeMethodAccessorImpl.invoke0(Native Method) ~[?:?]
	at jdk.internal.reflect.NativeMethodAccessorImpl.invoke(Unknown Source) ~[?:?]
	at jdk.internal.reflect.DelegatingMethodAccessorImpl.invoke(Unknown Source) ~[?:?]
	at java.lang.reflect.Method.invoke(Unknown Source) ~[?:?]
	at org.multimc.onesix.OneSixLauncher.launchWithMainClass(OneSixLauncher.java:243) ~[NewLaunch.jar:?]
	at org.multimc.onesix.OneSixLauncher.launch(OneSixLauncher.java:278) ~[NewLaunch.jar:?]
	at org.multimc.EntryPoint.listen(EntryPoint.java:143) ~[NewLaunch.jar:?]
	at org.multimc.EntryPoint.main(EntryPoint.java:34) ~[NewLaunch.jar:?]
[16:10:29] [Render thread/INFO]: Stopping worker threads
[16:10:30] [Render thread/INFO]: Started 2 worker threads
[16:10:30] [Render thread/INFO]: Finalizing world map session...
[16:10:30] [Thread-13/INFO]: World map force-cleaned!
[16:10:30] [Render thread/INFO]: World map session finalized.
[16:10:30] [Render thread/INFO]: Stopping worker threads
[16:10:30] [Render thread/INFO]: emissive suffixes loaded: {_e}
[16:11:08] [Render thread/INFO]: emissive suffixes loaded: {_e}
[16:11:08] [Render thread/INFO]: Connecting to 127.0.0.1, 25565
[16:11:08] [Server Connector #2/ERROR]: Couldn't connect to server
io.netty.channel.AbstractChannel$AnnotatedConnectException: Connection refused: no further information: 127.0.0.1/127.0.0.1:25565
Caused by: java.net.ConnectException: Connection refused: no further information
	at sun.nio.ch.Net.pollConnect(Native Method) ~[?:?]
	at sun.nio.ch.Net.pollConnectNow(Unknown Source) ~[?:?]
	at sun.nio.ch.SocketChannelImpl.finishConnect(Unknown Source) ~[?:?]
	at io.netty.channel.socket.nio.NioSocketChannel.doFinishConnect(NioSocketChannel.java:337) ~[netty-transport-4.1.82.Final.jar:?]
	at io.netty.channel.nio.AbstractNioChannel$AbstractNioUnsafe.finishConnect(AbstractNioChannel.java:334) ~[netty-transport-4.1.82.Final.jar:?]
	at io.netty.channel.nio.NioEventLoop.processSelectedKey(NioEventLoop.java:776) ~[netty-transport-4.1.82.Final.jar:?]
	at io.netty.channel.nio.NioEventLoop.processSelectedKeysOptimized(NioEventLoop.java:724) ~[netty-transport-4.1.82.Final.jar:?]
	at io.netty.channel.nio.NioEventLoop.processSelectedKeys(NioEventLoop.java:650) ~[netty-transport-4.1.82.Final.jar:?]
	at io.netty.channel.nio.NioEventLoop.run(NioEventLoop.java:562) ~[netty-transport-4.1.82.Final.jar:?]
	at io.netty.util.concurrent.SingleThreadEventExecutor$4.run(SingleThreadEventExecutor.java:997) ~[netty-common-4.1.82.Final.jar:?]
	at io.netty.util.internal.ThreadExecutorMap$2.run(ThreadExecutorMap.java:74) ~[netty-common-4.1.82.Final.jar:?]
	at java.lang.Thread.run(Unknown Source) ~[?:?]
[16:11:11] [Render thread/INFO]: emissive suffixes loaded: {_e}
[16:11:11] [Render thread/INFO]: Connecting to 127.0.0.1, 25565
[16:11:11] [Server Connector #3/ERROR]: Couldn't connect to server
io.netty.channel.AbstractChannel$AnnotatedConnectException: Connection refused: no further information: 127.0.0.1/127.0.0.1:25565
Caused by: java.net.ConnectException: Connection refused: no further information
	at sun.nio.ch.Net.pollConnect(Native Method) ~[?:?]
	at sun.nio.ch.Net.pollConnectNow(Unknown Source) ~[?:?]
	at sun.nio.ch.SocketChannelImpl.finishConnect(Unknown Source) ~[?:?]
	at io.netty.channel.socket.nio.NioSocketChannel.doFinishConnect(NioSocketChannel.java:337) ~[netty-transport-4.1.82.Final.jar:?]
	at io.netty.channel.nio.AbstractNioChannel$AbstractNioUnsafe.finishConnect(AbstractNioChannel.java:334) ~[netty-transport-4.1.82.Final.jar:?]
	at io.netty.channel.nio.NioEventLoop.processSelectedKey(NioEventLoop.java:776) ~[netty-transport-4.1.82.Final.jar:?]
	at io.netty.channel.nio.NioEventLoop.processSelectedKeysOptimized(NioEventLoop.java:724) ~[netty-transport-4.1.82.Final.jar:?]
	at io.netty.channel.nio.NioEventLoop.processSelectedKeys(NioEventLoop.java:650) ~[netty-transport-4.1.82.Final.jar:?]
	at io.netty.channel.nio.NioEventLoop.run(NioEventLoop.java:562) ~[netty-transport-4.1.82.Final.jar:?]
	at io.netty.util.concurrent.SingleThreadEventExecutor$4.run(SingleThreadEventExecutor.java:997) ~[netty-common-4.1.82.Final.jar:?]
	at io.netty.util.internal.ThreadExecutorMap$2.run(ThreadExecutorMap.java:74) ~[netty-common-4.1.82.Final.jar:?]
	at java.lang.Thread.run(Unknown Source) ~[?:?]
[16:11:15] [Render thread/ERROR]: Can't ping 127.0.0.1:25565: Отключение
[16:11:15] [Render thread/ERROR]: Can't ping 127.0.0.1:25565: Отключение
[16:11:15] [Render thread/ERROR]: Can't ping 127.0.0.1:25565: Отключение
[16:11:16] [Render thread/ERROR]: Can't ping 127.0.0.1:25565: Отключение
[16:11:16] [Render thread/ERROR]: Can't ping 127.0.0.1:25565: Отключение
[16:11:16] [Render thread/ERROR]: Can't ping 127.0.0.1:25565: Отключение
[16:11:16] [Render thread/ERROR]: Can't ping 127.0.0.1:25565: Отключение
[16:11:17] [Render thread/ERROR]: Can't ping 127.0.0.1:25565: Отключение
[16:11:17] [Render thread/ERROR]: Can't ping 127.0.0.1:25565: Отключение
[16:11:17] [Render thread/ERROR]: Can't ping 127.0.0.1:25565: Отключение
[16:11:18] [Render thread/ERROR]: Can't ping 127.0.0.1:25565: Отключение
[16:11:18] [Render thread/ERROR]: Can't ping 127.0.0.1:25565: Отключение
[16:11:19] [Render thread/ERROR]: Can't ping 127.0.0.1:25565: Отключение
[16:11:19] [Render thread/INFO]: emissive suffixes loaded: {_e}
[16:11:19] [Render thread/INFO]: Connecting to 127.0.0.1, 25565
[16:11:21] [Render thread/INFO]: New world map session initialized!
[16:11:21] [Render thread/INFO]: Reloading pipeline on dimension change: NamespacedId{namespace='minecraft', name='overworld'} => NamespacedId{namespace='minecraft', name='overworld'}
[16:11:21] [Render thread/INFO]: Destroying pipeline NamespacedId{namespace='minecraft', name='overworld'}
[16:11:21] [Render thread/INFO]: Creating pipeline for dimension NamespacedId{namespace='minecraft', name='overworld'}
[16:11:21] [Render thread/INFO]: Started 2 worker threads
[16:11:21] [Render thread/INFO]: Using 3 total BufferBuilder caches
[16:11:22] [Render thread/WARN]: Time from main menu to in-game was 3.08254 seconds
[16:11:22] [Render thread/WARN]: Total time to load game and open world was 30.70754 seconds
[16:11:22] [Netty Client IO #2/INFO]: Connecting to 127.0.0.1:25565
[16:11:23] [Render thread/INFO]: Loaded 92 advancements
[16:11:24] [Netty Client IO #2/INFO]: Device OpenAL Soft on Микрофон (USB Audio Device) initialized
[16:11:25] [Netty Client IO #2/INFO]: Audio capture initialized
[16:11:25] [Al Output Device OpenAL Soft on Динамики (USB Audio Device)/INFO]: Device OpenAL Soft on Динамики (USB Audio Device) initialized
[16:11:25] [Netty Client IO #2/INFO]: Connected to /127.0.0.1:25565
[16:12:27] [Render thread/INFO]: Mixing client.MixinGuiMessageTag from mixins/common/nochatreports.mixins.json into net.minecraft.class_7591
[16:12:27] [Render thread/INFO]: [CHAT] Неизвестная или неполная команда; см. ниже, чтобы найти ошибку
[16:12:27] [Render thread/INFO]: [CHAT] place<--[ЗДЕСЬ]
[16:12:41] [Render thread/INFO]: [CHAT] Никто не заблокирован
[16:16:12] [Render thread/INFO]: [CHAT] ????????????????
[16:16:12] [Render thread/INFO]: [CHAT] ????????????????
[16:16:12] [Render thread/INFO]: [CHAT] ????????????????
[16:16:12] [Render thread/INFO]: [CHAT] ????????????????
[16:16:12] [Render thread/INFO]: [CHAT] ????????????????  Styled Player List
[16:16:12] [Render thread/INFO]: [CHAT] ????????????????  Version: 3.1.1+1.20.1
[16:16:12] [Render thread/INFO]: [CHAT] ????????????????  [Contributors] [Github]
[16:16:12] [Render thread/INFO]: [CHAT] ????????????????  
[16:16:12] [Render thread/INFO]: [CHAT] ????????????????  This mod allows server
[16:16:12] [Render thread/INFO]: [CHAT] ????????????????  owners to change player
[16:16:12] [Render thread/INFO]: [CHAT] ????????????????  list look!
[16:16:12] [Render thread/INFO]: [CHAT] ????????????????
[16:16:12] [Render thread/INFO]: [CHAT] ????????????????
[16:16:12] [Render thread/INFO]: [CHAT] ????????????????
[16:16:12] [Render thread/INFO]: [CHAT] ????????????????
[16:16:12] [Render thread/INFO]: [CHAT] ????????????????
[16:16:22] [Render thread/INFO]: [CHAT] Неизвестная или неполная команда; см. ниже, чтобы найти ошибку
[16:16:22] [Render thread/INFO]: [CHAT] ...ist switch<--[ЗДЕСЬ]
[16:16:28] [Render thread/INFO]: [CHAT] Неизвестная или неполная команда; см. ниже, чтобы найти ошибку
[16:16:28] [Render thread/INFO]: [CHAT] ...itchothers<--[ЗДЕСЬ]
[16:16:34] [Render thread/INFO]: [CHAT] Your player list style has been changed to: Default
[16:16:45] [Render thread/INFO]: [CHAT] Your player list style has been changed to: Default
[16:24:52] [Render thread/INFO]: [CHAT] Неизвестная или неполная команда; см. ниже, чтобы найти ошибку
[16:24:52] [Render thread/INFO]: [CHAT] capes<--[ЗДЕСЬ]
[16:24:54] [Render thread/INFO]: [CHAT] Click here to copy debug info for player Kroniks53.
[16:25:10] [Render thread/INFO]: Mixing client.MixinChatOptionsScreen from mixins/common/nochatreports.mixins.json into net.minecraft.class_404
[16:25:10] [Render thread/INFO]: Renaming synthetic method lambda$init$0(Lnet/minecraft/class_339;)V to mdded536$nochatreports$lambda$init$0$0 in mixins/common/nochatreports.mixins.json:client.MixinChatOptionsScreen from mod nochatreports
[16:27:22] [Render thread/INFO]: [CHAT] Неизвестная или неполная команда; см. ниже, чтобы найти ошибку
[16:27:22] [Render thread/INFO]: [CHAT] tps<--[ЗДЕСЬ]
[16:27:24] [Render thread/INFO]: [CHAT] [?] spark v1.10.53
[16:27:24] [Render thread/INFO]: [CHAT] [?] Run /spark help to view usage information.
[16:27:26] [Render thread/INFO]: [CHAT] [?] spark v1.10.53
[16:27:26] [Render thread/INFO]: [CHAT] > /spark profiler info
[16:27:26] [Render thread/INFO]: [CHAT] > /spark profiler open
[16:27:26] [Render thread/INFO]: [CHAT] > /spark profiler start
[16:27:26] [Render thread/INFO]: [CHAT]       [--timeout <timeout seconds>]
[16:27:26] [Render thread/INFO]: [CHAT]       [--thread *]
[16:27:26] [Render thread/INFO]: [CHAT]       [--thread <thread name>]
[16:27:26] [Render thread/INFO]: [CHAT]       [--only-ticks-over <tick length millis>]
[16:27:26] [Render thread/INFO]: [CHAT]       [--interval <interval millis>]
[16:27:26] [Render thread/INFO]: [CHAT]       [--alloc]
[16:27:26] [Render thread/INFO]: [CHAT] > /spark profiler stop
[16:27:26] [Render thread/INFO]: [CHAT] > /spark profiler cancel
[16:27:26] [Render thread/INFO]: [CHAT] > /spark tps
[16:27:26] [Render thread/INFO]: [CHAT] > /spark ping
[16:27:26] [Render thread/INFO]: [CHAT]     [--player <username>]
[16:27:26] [Render thread/INFO]: [CHAT] > /spark healthreport
[16:27:26] [Render thread/INFO]: [CHAT]     [--memory]
[16:27:26] [Render thread/INFO]: [CHAT]     [--network]
[16:27:26] [Render thread/INFO]: [CHAT] > /spark tickmonitor
[16:27:26] [Render thread/INFO]: [CHAT]     [--threshold <percentage increase>]
[16:27:26] [Render thread/INFO]: [CHAT]     [--threshold-tick <tick duration>]
[16:27:26] [Render thread/INFO]: [CHAT]     [--without-gc]
[16:27:26] [Render thread/INFO]: [CHAT] > /spark gc
[16:27:26] [Render thread/INFO]: [CHAT] > /spark gcmonitor
[16:27:26] [Render thread/INFO]: [CHAT] > /spark heapsummary
[16:27:26] [Render thread/INFO]: [CHAT]     [--save-to-file]
[16:27:26] [Render thread/INFO]: [CHAT] > /spark heapdump
[16:27:26] [Render thread/INFO]: [CHAT]     [--compress <type>]
[16:27:26] [Render thread/INFO]: [CHAT] > /spark activity
[16:27:26] [Render thread/INFO]: [CHAT]     [--page <page no>]
[16:27:26] [Render thread/INFO]: [CHAT] 
[16:27:26] [Render thread/INFO]: [CHAT] [?] For full usage information, please go to: https://spark.lucko.me/docs/Command-Usage
[16:27:31] [Render thread/INFO]: [CHAT] [?] TPS from last 5s, 10s, 1m, 5m, 15m:
[16:27:31] [Render thread/INFO]: [CHAT] [?]  *20.0, *20.0, *20.0, *20.0, *20.0
[16:27:31] [Render thread/INFO]: [CHAT] [?] 
[16:27:31] [Render thread/INFO]: [CHAT] [?] Tick durations (min/med/95%ile/max ms) from last 10s, 1m:
[16:27:31] [Render thread/INFO]: [CHAT] [?]  2.0/2.9/4.1/5.8;  1.1/2.5/3.7/9.5
[16:27:31] [Render thread/INFO]: [CHAT] [?] 
[16:27:31] [Render thread/INFO]: [CHAT] [?] CPU usage from last 10s, 1m, 15m:
[16:27:31] [Render thread/INFO]: [CHAT] [?]  24%, 18%, 13%  (system)
[16:27:31] [Render thread/INFO]: [CHAT] [?]  2%, 2%, 1%  (process)
[16:28:10] [Netty Client IO #2/INFO]: Disconnecting from /127.0.0.1:25565 with reason DISCONNECT
[16:28:10] [Render thread/INFO]: Finalizing world map session...
[16:28:10] [Netty Client IO #2/INFO]: Device OpenAL Soft on Микрофон (USB Audio Device) closed
[16:28:10] [Voice Audio Capture/INFO]: Device OpenAL Soft on Микрофон (USB Audio Device) closed
[16:28:10] [Al Output Device OpenAL Soft on Динамики (USB Audio Device)/INFO]: Device OpenAL Soft on Динамики (USB Audio Device) closed
[16:28:11] [Thread-13/INFO]: World map force-cleaned!
[16:28:11] [Render thread/INFO]: World map session finalized.
[16:28:11] [Render thread/INFO]: Stopping worker threads
[16:28:11] [Render thread/INFO]: emissive suffixes loaded: {_e}
[16:28:12] [Render thread/ERROR]: Failed to list path /data/minecraft/datapacks/bundle/assets
java.nio.file.NotDirectoryException: /data/minecraft/datapacks/bundle/assets
	at jdk.nio.zipfs.ZipDirectoryStream.<init>(Unknown Source) ~[jdk.zipfs:?]
	at jdk.nio.zipfs.ZipPath.newDirectoryStream(Unknown Source) ~[jdk.zipfs:?]
	at jdk.nio.zipfs.ZipFileSystemProvider.newDirectoryStream(Unknown Source) ~[jdk.zipfs:?]
	at java.nio.file.Files.newDirectoryStream(Unknown Source) ~[?:?]
	at net.minecraft.class_3259.method_14406(class_3259.java:130) ~[client-intermediary.jar:?]
	at net.minecraft.class_3255.handler$zbd000$citresewn$brokenpaths$parseMetadata(class_3255.java:527) ~[client-intermediary.jar:?]
	at net.minecraft.class_3255.method_14407(class_3255.java:35) ~[client-intermediary.jar:?]
	at net.minecraft.class_3288.method_45274(class_3288.java:71) ~[client-intermediary.jar:?]
	at net.minecraft.class_3288.method_45275(class_3288.java:47) ~[client-intermediary.jar:?]
	at net.minecraft.class_3286.method_45260(class_3286.java:66) ~[client-intermediary.jar:?]
	at net.minecraft.class_7678.method_45258(class_7678.java:76) ~[client-intermediary.jar:?]
	at net.minecraft.class_7678.method_45266(class_7678.java:61) ~[client-intermediary.jar:?]
	at java.util.HashMap.forEach(Unknown Source) ~[?:?]
	at net.minecraft.class_7678.method_45267(class_7678.java:60) ~[client-intermediary.jar:?]
	at net.minecraft.class_7678.method_14453(class_7678.java:43) ~[client-intermediary.jar:?]
	at net.minecraft.class_3283.method_29212(class_3283.java:39) ~[client-intermediary.jar:?]
	at net.minecraft.class_3283.method_14445(class_3283.java:32) ~[client-intermediary.jar:?]
	at net.minecraft.server.MinecraftServer.method_29736(MinecraftServer.java:1351) ~[client-intermediary.jar:?]
	at net.minecraft.class_7237$class_7238.method_42099(class_7237.java:97) ~[client-intermediary.jar:?]
	at net.minecraft.class_7237.method_42098(class_7237.java:29) ~[client-intermediary.jar:?]
	at net.minecraft.class_525.method_31130(class_525.java:333) ~[client-intermediary.jar:?]
	at net.minecraft.class_526.method_19944(class_526.java:60) ~[client-intermediary.jar:?]
	at net.minecraft.class_4185.method_25306(class_4185.java:94) ~[client-intermediary.jar:?]
	at net.minecraft.class_4264.method_25348(class_4264.java:56) ~[client-intermediary.jar:?]
	at net.minecraft.class_339.method_25402(class_339.java:189) ~[client-intermediary.jar:?]
	at net.minecraft.class_4069.method_25402(class_4069.java:38) ~[client-intermediary.jar:?]
	at net.minecraft.class_312.method_1611(class_312.java:98) ~[client-intermediary.jar:?]
	at net.minecraft.class_437.method_25412(class_437.java:409) ~[client-intermediary.jar:?]
	at net.minecraft.class_312.method_1601(class_312.java:98) ~[client-intermediary.jar:?]
	at net.minecraft.class_312.method_22686(class_312.java:169) ~[client-intermediary.jar:?]
	at net.minecraft.class_1255.execute(class_1255.java:102) ~[client-intermediary.jar:?]
	at net.minecraft.class_312.method_22684(class_312.java:169) ~[client-intermediary.jar:?]
	at org.lwjgl.glfw.GLFWMouseButtonCallbackI.callback(GLFWMouseButtonCallbackI.java:43) ~[lwjgl-glfw-3.3.1.jar:?]
	at org.lwjgl.system.JNI.invokeV(Native Method) ~[lwjgl-3.3.1.jar:?]
	at org.lwjgl.glfw.GLFW.glfwWaitEventsTimeout(GLFW.java:3474) ~[lwjgl-glfw-3.3.1.jar:?]
	at com.mojang.blaze3d.systems.RenderSystem.limitDisplayFPS(RenderSystem.java:237) ~[client-intermediary.jar:?]
	at net.minecraft.class_310.method_1523(class_310.java:1244) ~[client-intermediary.jar:?]
	at net.minecraft.class_310.method_1514(class_310.java:802) ~[client-intermediary.jar:?]
	at net.minecraft.client.main.Main.main(Main.java:250) ~[minecraft-1.20.1-client.jar:?]
	at net.fabricmc.loader.impl.game.minecraft.MinecraftGameProvider.launch(MinecraftGameProvider.java:470) ~[fabric-loader-0.15.11.jar:?]
	at net.fabricmc.loader.impl.launch.knot.Knot.launch(Knot.java:74) ~[fabric-loader-0.15.11.jar:?]
	at net.fabricmc.loader.impl.launch.knot.KnotClient.main(KnotClient.java:23) ~[fabric-loader-0.15.11.jar:?]
	at jdk.internal.reflect.NativeMethodAccessorImpl.invoke0(Native Method) ~[?:?]
	at jdk.internal.reflect.NativeMethodAccessorImpl.invoke(Unknown Source) ~[?:?]
	at jdk.internal.reflect.DelegatingMethodAccessorImpl.invoke(Unknown Source) ~[?:?]
	at java.lang.reflect.Method.invoke(Unknown Source) ~[?:?]
	at org.multimc.onesix.OneSixLauncher.launchWithMainClass(OneSixLauncher.java:243) ~[NewLaunch.jar:?]
	at org.multimc.onesix.OneSixLauncher.launch(OneSixLauncher.java:278) ~[NewLaunch.jar:?]
	at org.multimc.EntryPoint.listen(EntryPoint.java:143) ~[NewLaunch.jar:?]
	at org.multimc.EntryPoint.main(EntryPoint.java:34) ~[NewLaunch.jar:?]
[16:28:12] [Render thread/ERROR]: Failed to list path /data/minecraft/datapacks/bundle/assets
java.nio.file.NotDirectoryException: /data/minecraft/datapacks/bundle/assets
	at jdk.nio.zipfs.ZipDirectoryStream.<init>(Unknown Source) ~[jdk.zipfs:?]
	at jdk.nio.zipfs.ZipPath.newDirectoryStream(Unknown Source) ~[jdk.zipfs:?]
	at jdk.nio.zipfs.ZipFileSystemProvider.newDirectoryStream(Unknown Source) ~[jdk.zipfs:?]
	at java.nio.file.Files.newDirectoryStream(Unknown Source) ~[?:?]
	at net.minecraft.class_3259.method_14406(class_3259.java:130) ~[client-intermediary.jar:?]
	at net.minecraft.class_3255.handler$zbd000$citresewn$brokenpaths$parseMetadata(class_3255.java:527) ~[client-intermediary.jar:?]
	at net.minecraft.class_3255.method_14407(class_3255.java:35) ~[client-intermediary.jar:?]
	at net.minecraft.class_3288.method_45274(class_3288.java:77) ~[client-intermediary.jar:?]
	at net.minecraft.class_3288.method_45275(class_3288.java:47) ~[client-intermediary.jar:?]
	at net.minecraft.class_3286.method_45260(class_3286.java:66) ~[client-intermediary.jar:?]
	at net.minecraft.class_7678.method_45258(class_7678.java:76) ~[client-intermediary.jar:?]
	at net.minecraft.class_7678.method_45266(class_7678.java:61) ~[client-intermediary.jar:?]
	at java.util.HashMap.forEach(Unknown Source) ~[?:?]
	at net.minecraft.class_7678.method_45267(class_7678.java:60) ~[client-intermediary.jar:?]
	at net.minecraft.class_7678.method_14453(class_7678.java:43) ~[client-intermediary.jar:?]
	at net.minecraft.class_3283.method_29212(class_3283.java:39) ~[client-intermediary.jar:?]
	at net.minecraft.class_3283.method_14445(class_3283.java:32) ~[client-intermediary.jar:?]
	at net.minecraft.server.MinecraftServer.method_29736(MinecraftServer.java:1351) ~[client-intermediary.jar:?]
	at net.minecraft.class_7237$class_7238.method_42099(class_7237.java:97) ~[client-intermediary.jar:?]
	at net.minecraft.class_7237.method_42098(class_7237.java:29) ~[client-intermediary.jar:?]
	at net.minecraft.class_525.method_31130(class_525.java:333) ~[client-intermediary.jar:?]
	at net.minecraft.class_526.method_19944(class_526.java:60) ~[client-intermediary.jar:?]
	at net.minecraft.class_4185.method_25306(class_4185.java:94) ~[client-intermediary.jar:?]
	at net.minecraft.class_4264.method_25348(class_4264.java:56) ~[client-intermediary.jar:?]
	at net.minecraft.class_339.method_25402(class_339.java:189) ~[client-intermediary.jar:?]
	at net.minecraft.class_4069.method_25402(class_4069.java:38) ~[client-intermediary.jar:?]
	at net.minecraft.class_312.method_1611(class_312.java:98) ~[client-intermediary.jar:?]
	at net.minecraft.class_437.method_25412(class_437.java:409) ~[client-intermediary.jar:?]
	at net.minecraft.class_312.method_1601(class_312.java:98) ~[client-intermediary.jar:?]
	at net.minecraft.class_312.method_22686(class_312.java:169) ~[client-intermediary.jar:?]
	at net.minecraft.class_1255.execute(class_1255.java:102) ~[client-intermediary.jar:?]
	at net.minecraft.class_312.method_22684(class_312.java:169) ~[client-intermediary.jar:?]
	at org.lwjgl.glfw.GLFWMouseButtonCallbackI.callback(GLFWMouseButtonCallbackI.java:43) ~[lwjgl-glfw-3.3.1.jar:?]
	at org.lwjgl.system.JNI.invokeV(Native Method) ~[lwjgl-3.3.1.jar:?]
	at org.lwjgl.glfw.GLFW.glfwWaitEventsTimeout(GLFW.java:3474) ~[lwjgl-glfw-3.3.1.jar:?]
	at com.mojang.blaze3d.systems.RenderSystem.limitDisplayFPS(RenderSystem.java:237) ~[client-intermediary.jar:?]
	at net.minecraft.class_310.method_1523(class_310.java:1244) ~[client-intermediary.jar:?]
	at net.minecraft.class_310.method_1514(class_310.java:802) ~[client-intermediary.jar:?]
	at net.minecraft.client.main.Main.main(Main.java:250) ~[minecraft-1.20.1-client.jar:?]
	at net.fabricmc.loader.impl.game.minecraft.MinecraftGameProvider.launch(MinecraftGameProvider.java:470) ~[fabric-loader-0.15.11.jar:?]
	at net.fabricmc.loader.impl.launch.knot.Knot.launch(Knot.java:74) ~[fabric-loader-0.15.11.jar:?]
	at net.fabricmc.loader.impl.launch.knot.KnotClient.main(KnotClient.java:23) ~[fabric-loader-0.15.11.jar:?]
	at jdk.internal.reflect.NativeMethodAccessorImpl.invoke0(Native Method) ~[?:?]
	at jdk.internal.reflect.NativeMethodAccessorImpl.invoke(Unknown Source) ~[?:?]
	at jdk.internal.reflect.DelegatingMethodAccessorImpl.invoke(Unknown Source) ~[?:?]
	at java.lang.reflect.Method.invoke(Unknown Source) ~[?:?]
	at org.multimc.onesix.OneSixLauncher.launchWithMainClass(OneSixLauncher.java:243) ~[NewLaunch.jar:?]
	at org.multimc.onesix.OneSixLauncher.launch(OneSixLauncher.java:278) ~[NewLaunch.jar:?]
	at org.multimc.EntryPoint.listen(EntryPoint.java:143) ~[NewLaunch.jar:?]
	at org.multimc.EntryPoint.main(EntryPoint.java:34) ~[NewLaunch.jar:?]
[16:28:12] [Render thread/INFO]: ARRP register - before vanilla
[16:28:12] [Render thread/INFO]: ARRP register - after vanilla
[16:28:14] [Render thread/INFO]: Loaded 7 recipes
[16:28:14] [Render thread/INFO]: Loaded 1271 advancements
[16:28:14] [Render thread/INFO]: closing rrp ebe:base_resources
[16:28:16] [Render thread/ERROR]: Failed to list path /data/minecraft/datapacks/bundle/assets
java.nio.file.NotDirectoryException: /data/minecraft/datapacks/bundle/assets
	at jdk.nio.zipfs.ZipDirectoryStream.<init>(Unknown Source) ~[jdk.zipfs:?]
	at jdk.nio.zipfs.ZipPath.newDirectoryStream(Unknown Source) ~[jdk.zipfs:?]
	at jdk.nio.zipfs.ZipFileSystemProvider.newDirectoryStream(Unknown Source) ~[jdk.zipfs:?]
	at java.nio.file.Files.newDirectoryStream(Unknown Source) ~[?:?]
	at net.minecraft.class_3259.method_14406(class_3259.java:130) ~[client-intermediary.jar:?]
	at net.minecraft.class_3255.handler$zbd000$citresewn$brokenpaths$parseMetadata(class_3255.java:527) ~[client-intermediary.jar:?]
	at net.minecraft.class_3255.method_14407(class_3255.java:35) ~[client-intermediary.jar:?]
	at net.minecraft.class_3288.method_45274(class_3288.java:71) ~[client-intermediary.jar:?]
	at net.minecraft.class_3288.method_45275(class_3288.java:47) ~[client-intermediary.jar:?]
	at net.minecraft.class_3286.method_45260(class_3286.java:66) ~[client-intermediary.jar:?]
	at net.minecraft.class_7678.method_45258(class_7678.java:76) ~[client-intermediary.jar:?]
	at net.minecraft.class_7678.method_45266(class_7678.java:61) ~[client-intermediary.jar:?]
	at java.util.HashMap.forEach(Unknown Source) ~[?:?]
	at net.minecraft.class_7678.method_45267(class_7678.java:60) ~[client-intermediary.jar:?]
	at net.minecraft.class_7678.method_14453(class_7678.java:43) ~[client-intermediary.jar:?]
	at net.minecraft.class_3283.method_29212(class_3283.java:39) ~[client-intermediary.jar:?]
	at net.minecraft.class_3283.method_14445(class_3283.java:32) ~[client-intermediary.jar:?]
	at net.minecraft.class_525.method_30296(class_525.java:741) ~[client-intermediary.jar:?]
	at net.minecraft.class_525.method_29694(class_525.java:559) ~[client-intermediary.jar:?]
	at net.minecraft.class_525$class_8094.method_49013(class_525.java:314) ~[client-intermediary.jar:?]
	at net.minecraft.class_4185.method_25306(class_4185.java:94) ~[client-intermediary.jar:?]
	at net.minecraft.class_4264.method_25348(class_4264.java:56) ~[client-intermediary.jar:?]
	at net.minecraft.class_339.method_25402(class_339.java:189) ~[client-intermediary.jar:?]
	at net.minecraft.class_4069.method_25402(class_4069.java:38) ~[client-intermediary.jar:?]
	at net.minecraft.class_312.method_1611(class_312.java:98) ~[client-intermediary.jar:?]
	at net.minecraft.class_437.method_25412(class_437.java:409) ~[client-intermediary.jar:?]
	at net.minecraft.class_312.method_1601(class_312.java:98) ~[client-intermediary.jar:?]
	at net.minecraft.class_312.method_22686(class_312.java:169) ~[client-intermediary.jar:?]
	at net.minecraft.class_1255.execute(class_1255.java:102) ~[client-intermediary.jar:?]
	at net.minecraft.class_312.method_22684(class_312.java:169) ~[client-intermediary.jar:?]
	at org.lwjgl.glfw.GLFWMouseButtonCallbackI.callback(GLFWMouseButtonCallbackI.java:43) ~[lwjgl-glfw-3.3.1.jar:?]
	at org.lwjgl.system.JNI.invokeV(Native Method) ~[lwjgl-3.3.1.jar:?]
	at org.lwjgl.glfw.GLFW.glfwWaitEventsTimeout(GLFW.java:3474) ~[lwjgl-glfw-3.3.1.jar:?]
	at com.mojang.blaze3d.systems.RenderSystem.limitDisplayFPS(RenderSystem.java:237) ~[client-intermediary.jar:?]
	at net.minecraft.class_310.method_1523(class_310.java:1244) ~[client-intermediary.jar:?]
	at net.minecraft.class_310.method_1514(class_310.java:802) ~[client-intermediary.jar:?]
	at net.minecraft.client.main.Main.main(Main.java:250) ~[minecraft-1.20.1-client.jar:?]
	at net.fabricmc.loader.impl.game.minecraft.MinecraftGameProvider.launch(MinecraftGameProvider.java:470) ~[fabric-loader-0.15.11.jar:?]
	at net.fabricmc.loader.impl.launch.knot.Knot.launch(Knot.java:74) ~[fabric-loader-0.15.11.jar:?]
	at net.fabricmc.loader.impl.launch.knot.KnotClient.main(KnotClient.java:23) ~[fabric-loader-0.15.11.jar:?]
	at jdk.internal.reflect.NativeMethodAccessorImpl.invoke0(Native Method) ~[?:?]
	at jdk.internal.reflect.NativeMethodAccessorImpl.invoke(Unknown Source) ~[?:?]
	at jdk.internal.reflect.DelegatingMethodAccessorImpl.invoke(Unknown Source) ~[?:?]
	at java.lang.reflect.Method.invoke(Unknown Source) ~[?:?]
	at org.multimc.onesix.OneSixLauncher.launchWithMainClass(OneSixLauncher.java:243) ~[NewLaunch.jar:?]
	at org.multimc.onesix.OneSixLauncher.launch(OneSixLauncher.java:278) ~[NewLaunch.jar:?]
	at org.multimc.EntryPoint.listen(EntryPoint.java:143) ~[NewLaunch.jar:?]
	at org.multimc.EntryPoint.main(EntryPoint.java:34) ~[NewLaunch.jar:?]
[16:28:16] [Render thread/ERROR]: Failed to list path /data/minecraft/datapacks/bundle/assets
java.nio.file.NotDirectoryException: /data/minecraft/datapacks/bundle/assets
	at jdk.nio.zipfs.ZipDirectoryStream.<init>(Unknown Source) ~[jdk.zipfs:?]
	at jdk.nio.zipfs.ZipPath.newDirectoryStream(Unknown Source) ~[jdk.zipfs:?]
	at jdk.nio.zipfs.ZipFileSystemProvider.newDirectoryStream(Unknown Source) ~[jdk.zipfs:?]
	at java.nio.file.Files.newDirectoryStream(Unknown Source) ~[?:?]
	at net.minecraft.class_3259.method_14406(class_3259.java:130) ~[client-intermediary.jar:?]
	at net.minecraft.class_3255.handler$zbd000$citresewn$brokenpaths$parseMetadata(class_3255.java:527) ~[client-intermediary.jar:?]
	at net.minecraft.class_3255.method_14407(class_3255.java:35) ~[client-intermediary.jar:?]
	at net.minecraft.class_3288.method_45274(class_3288.java:77) ~[client-intermediary.jar:?]
	at net.minecraft.class_3288.method_45275(class_3288.java:47) ~[client-intermediary.jar:?]
	at net.minecraft.class_3286.method_45260(class_3286.java:66) ~[client-intermediary.jar:?]
	at net.minecraft.class_7678.method_45258(class_7678.java:76) ~[client-intermediary.jar:?]
	at net.minecraft.class_7678.method_45266(class_7678.java:61) ~[client-intermediary.jar:?]
	at java.util.HashMap.forEach(Unknown Source) ~[?:?]
	at net.minecraft.class_7678.method_45267(class_7678.java:60) ~[client-intermediary.jar:?]
	at net.minecraft.class_7678.method_14453(class_7678.java:43) ~[client-intermediary.jar:?]
	at net.minecraft.class_3283.method_29212(class_3283.java:39) ~[client-intermediary.jar:?]
	at net.minecraft.class_3283.method_14445(class_3283.java:32) ~[client-intermediary.jar:?]
	at net.minecraft.class_525.method_30296(class_525.java:741) ~[client-intermediary.jar:?]
	at net.minecraft.class_525.method_29694(class_525.java:559) ~[client-intermediary.jar:?]
	at net.minecraft.class_525$class_8094.method_49013(class_525.java:314) ~[client-intermediary.jar:?]
	at net.minecraft.class_4185.method_25306(class_4185.java:94) ~[client-intermediary.jar:?]
	at net.minecraft.class_4264.method_25348(class_4264.java:56) ~[client-intermediary.jar:?]
	at net.minecraft.class_339.method_25402(class_339.java:189) ~[client-intermediary.jar:?]
	at net.minecraft.class_4069.method_25402(class_4069.java:38) ~[client-intermediary.jar:?]
	at net.minecraft.class_312.method_1611(class_312.java:98) ~[client-intermediary.jar:?]
	at net.minecraft.class_437.method_25412(class_437.java:409) ~[client-intermediary.jar:?]
	at net.minecraft.class_312.method_1601(class_312.java:98) ~[client-intermediary.jar:?]
	at net.minecraft.class_312.method_22686(class_312.java:169) ~[client-intermediary.jar:?]
	at net.minecraft.class_1255.execute(class_1255.java:102) ~[client-intermediary.jar:?]
	at net.minecraft.class_312.method_22684(class_312.java:169) ~[client-intermediary.jar:?]
	at org.lwjgl.glfw.GLFWMouseButtonCallbackI.callback(GLFWMouseButtonCallbackI.java:43) ~[lwjgl-glfw-3.3.1.jar:?]
	at org.lwjgl.system.JNI.invokeV(Native Method) ~[lwjgl-3.3.1.jar:?]
	at org.lwjgl.glfw.GLFW.glfwWaitEventsTimeout(GLFW.java:3474) ~[lwjgl-glfw-3.3.1.jar:?]
	at com.mojang.blaze3d.systems.RenderSystem.limitDisplayFPS(RenderSystem.java:237) ~[client-intermediary.jar:?]
	at net.minecraft.class_310.method_1523(class_310.java:1244) ~[client-intermediary.jar:?]
	at net.minecraft.class_310.method_1514(class_310.java:802) ~[client-intermediary.jar:?]
	at net.minecraft.client.main.Main.main(Main.java:250) ~[minecraft-1.20.1-client.jar:?]
	at net.fabricmc.loader.impl.game.minecraft.MinecraftGameProvider.launch(MinecraftGameProvider.java:470) ~[fabric-loader-0.15.11.jar:?]
	at net.fabricmc.loader.impl.launch.knot.Knot.launch(Knot.java:74) ~[fabric-loader-0.15.11.jar:?]
	at net.fabricmc.loader.impl.launch.knot.KnotClient.main(KnotClient.java:23) ~[fabric-loader-0.15.11.jar:?]
	at jdk.internal.reflect.NativeMethodAccessorImpl.invoke0(Native Method) ~[?:?]
	at jdk.internal.reflect.NativeMethodAccessorImpl.invoke(Unknown Source) ~[?:?]
	at jdk.internal.reflect.DelegatingMethodAccessorImpl.invoke(Unknown Source) ~[?:?]
	at java.lang.reflect.Method.invoke(Unknown Source) ~[?:?]
	at org.multimc.onesix.OneSixLauncher.launchWithMainClass(OneSixLauncher.java:243) ~[NewLaunch.jar:?]
	at org.multimc.onesix.OneSixLauncher.launch(OneSixLauncher.java:278) ~[NewLaunch.jar:?]
	at org.multimc.EntryPoint.listen(EntryPoint.java:143) ~[NewLaunch.jar:?]
	at org.multimc.EntryPoint.main(EntryPoint.java:34) ~[NewLaunch.jar:?]
[16:28:16] [Render thread/INFO]: ARRP register - before user
[16:28:16] [Render thread/ERROR]: Failed to list path /data/minecraft/datapacks/bundle/assets
java.nio.file.NotDirectoryException: /data/minecraft/datapacks/bundle/assets
	at jdk.nio.zipfs.ZipDirectoryStream.<init>(Unknown Source) ~[jdk.zipfs:?]
	at jdk.nio.zipfs.ZipPath.newDirectoryStream(Unknown Source) ~[jdk.zipfs:?]
	at jdk.nio.zipfs.ZipFileSystemProvider.newDirectoryStream(Unknown Source) ~[jdk.zipfs:?]
	at java.nio.file.Files.newDirectoryStream(Unknown Source) ~[?:?]
	at net.minecraft.class_3259.method_14406(class_3259.java:130) ~[client-intermediary.jar:?]
	at net.minecraft.class_3255.handler$zbd000$citresewn$brokenpaths$parseMetadata(class_3255.java:527) ~[client-intermediary.jar:?]
	at net.minecraft.class_3255.method_14407(class_3255.java:35) ~[client-intermediary.jar:?]
	at net.minecraft.class_3288.method_45274(class_3288.java:71) ~[client-intermediary.jar:?]
	at net.minecraft.class_3288.method_45275(class_3288.java:47) ~[client-intermediary.jar:?]
	at net.minecraft.class_3286.method_45260(class_3286.java:66) ~[client-intermediary.jar:?]
	at net.minecraft.class_7678.method_45258(class_7678.java:76) ~[client-intermediary.jar:?]
	at net.minecraft.class_7678.method_45266(class_7678.java:61) ~[client-intermediary.jar:?]
	at java.util.HashMap.forEach(Unknown Source) ~[?:?]
	at net.minecraft.class_7678.method_45267(class_7678.java:60) ~[client-intermediary.jar:?]
	at net.minecraft.class_7678.method_14453(class_7678.java:43) ~[client-intermediary.jar:?]
	at net.minecraft.class_3283.method_29212(class_3283.java:39) ~[client-intermediary.jar:?]
	at net.minecraft.class_3283.method_14445(class_3283.java:32) ~[client-intermediary.jar:?]
	at net.minecraft.class_5369.method_29981(class_5369.java:60) ~[client-intermediary.jar:?]
	at net.minecraft.class_5375.method_29680(class_5375.java:168) ~[client-intermediary.jar:?]
	at net.minecraft.class_5375.method_25426(class_5375.java:113) ~[client-intermediary.jar:?]
	at net.minecraft.class_437.method_25423(class_437.java:297) ~[client-intermediary.jar:?]
	at net.minecraft.class_310.method_1507(class_310.java:1080) ~[client-intermediary.jar:?]
	at net.minecraft.class_525.method_29694(class_525.java:562) ~[client-intermediary.jar:?]
	at net.minecraft.class_525$class_8094.method_49013(class_525.java:314) ~[client-intermediary.jar:?]
	at net.minecraft.class_4185.method_25306(class_4185.java:94) ~[client-intermediary.jar:?]
	at net.minecraft.class_4264.method_25348(class_4264.java:56) ~[client-intermediary.jar:?]
	at net.minecraft.class_339.method_25402(class_339.java:189) ~[client-intermediary.jar:?]
	at net.minecraft.class_4069.method_25402(class_4069.java:38) ~[client-intermediary.jar:?]
	at net.minecraft.class_312.method_1611(class_312.java:98) ~[client-intermediary.jar:?]
	at net.minecraft.class_437.method_25412(class_437.java:409) ~[client-intermediary.jar:?]
	at net.minecraft.class_312.method_1601(class_312.java:98) ~[client-intermediary.jar:?]
	at net.minecraft.class_312.method_22686(class_312.java:169) ~[client-intermediary.jar:?]
	at net.minecraft.class_1255.execute(class_1255.java:102) ~[client-intermediary.jar:?]
	at net.minecraft.class_312.method_22684(class_312.java:169) ~[client-intermediary.jar:?]
	at org.lwjgl.glfw.GLFWMouseButtonCallbackI.callback(GLFWMouseButtonCallbackI.java:43) ~[lwjgl-glfw-3.3.1.jar:?]
	at org.lwjgl.system.JNI.invokeV(Native Method) ~[lwjgl-3.3.1.jar:?]
	at org.lwjgl.glfw.GLFW.glfwWaitEventsTimeout(GLFW.java:3474) ~[lwjgl-glfw-3.3.1.jar:?]
	at com.mojang.blaze3d.systems.RenderSystem.limitDisplayFPS(RenderSystem.java:237) ~[client-intermediary.jar:?]
	at net.minecraft.class_310.method_1523(class_310.java:1244) ~[client-intermediary.jar:?]
	at net.minecraft.class_310.method_1514(class_310.java:802) ~[client-intermediary.jar:?]
	at net.minecraft.client.main.Main.main(Main.java:250) ~[minecraft-1.20.1-client.jar:?]
	at net.fabricmc.loader.impl.game.minecraft.MinecraftGameProvider.launch(MinecraftGameProvider.java:470) ~[fabric-loader-0.15.11.jar:?]
	at net.fabricmc.loader.impl.launch.knot.Knot.launch(Knot.java:74) ~[fabric-loader-0.15.11.jar:?]
	at net.fabricmc.loader.impl.launch.knot.KnotClient.main(KnotClient.java:23) ~[fabric-loader-0.15.11.jar:?]
	at jdk.internal.reflect.NativeMethodAccessorImpl.invoke0(Native Method) ~[?:?]
	at jdk.internal.reflect.NativeMethodAccessorImpl.invoke(Unknown Source) ~[?:?]
	at jdk.internal.reflect.DelegatingMethodAccessorImpl.invoke(Unknown Source) ~[?:?]
	at java.lang.reflect.Method.invoke(Unknown Source) ~[?:?]
	at org.multimc.onesix.OneSixLauncher.launchWithMainClass(OneSixLauncher.java:243) ~[NewLaunch.jar:?]
	at org.multimc.onesix.OneSixLauncher.launch(OneSixLauncher.java:278) ~[NewLaunch.jar:?]
	at org.multimc.EntryPoint.listen(EntryPoint.java:143) ~[NewLaunch.jar:?]
	at org.multimc.EntryPoint.main(EntryPoint.java:34) ~[NewLaunch.jar:?]
[16:28:16] [Render thread/ERROR]: Failed to list path /data/minecraft/datapacks/bundle/assets
java.nio.file.NotDirectoryException: /data/minecraft/datapacks/bundle/assets
	at jdk.nio.zipfs.ZipDirectoryStream.<init>(Unknown Source) ~[jdk.zipfs:?]
	at jdk.nio.zipfs.ZipPath.newDirectoryStream(Unknown Source) ~[jdk.zipfs:?]
	at jdk.nio.zipfs.ZipFileSystemProvider.newDirectoryStream(Unknown Source) ~[jdk.zipfs:?]
	at java.nio.file.Files.newDirectoryStream(Unknown Source) ~[?:?]
	at net.minecraft.class_3259.method_14406(class_3259.java:130) ~[client-intermediary.jar:?]
	at net.minecraft.class_3255.handler$zbd000$citresewn$brokenpaths$parseMetadata(class_3255.java:527) ~[client-intermediary.jar:?]
	at net.minecraft.class_3255.method_14407(class_3255.java:35) ~[client-intermediary.jar:?]
	at net.minecraft.class_3288.method_45274(class_3288.java:77) ~[client-intermediary.jar:?]
	at net.minecraft.class_3288.method_45275(class_3288.java:47) ~[client-intermediary.jar:?]
	at net.minecraft.class_3286.method_45260(class_3286.java:66) ~[client-intermediary.jar:?]
	at net.minecraft.class_7678.method_45258(class_7678.java:76) ~[client-intermediary.jar:?]
	at net.minecraft.class_7678.method_45266(class_7678.java:61) ~[client-intermediary.jar:?]
	at java.util.HashMap.forEach(Unknown Source) ~[?:?]
	at net.minecraft.class_7678.method_45267(class_7678.java:60) ~[client-intermediary.jar:?]
	at net.minecraft.class_7678.method_14453(class_7678.java:43) ~[client-intermediary.jar:?]
	at net.minecraft.class_3283.method_29212(class_3283.java:39) ~[client-intermediary.jar:?]
	at net.minecraft.class_3283.method_14445(class_3283.java:32) ~[client-intermediary.jar:?]
	at net.minecraft.class_5369.method_29981(class_5369.java:60) ~[client-intermediary.jar:?]
	at net.minecraft.class_5375.method_29680(class_5375.java:168) ~[client-intermediary.jar:?]
	at net.minecraft.class_5375.method_25426(class_5375.java:113) ~[client-intermediary.jar:?]
	at net.minecraft.class_437.method_25423(class_437.java:297) ~[client-intermediary.jar:?]
	at net.minecraft.class_310.method_1507(class_310.java:1080) ~[client-intermediary.jar:?]
	at net.minecraft.class_525.method_29694(class_525.java:562) ~[client-intermediary.jar:?]
	at net.minecraft.class_525$class_8094.method_49013(class_525.java:314) ~[client-intermediary.jar:?]
	at net.minecraft.class_4185.method_25306(class_4185.java:94) ~[client-intermediary.jar:?]
	at net.minecraft.class_4264.method_25348(class_4264.java:56) ~[client-intermediary.jar:?]
	at net.minecraft.class_339.method_25402(class_339.java:189) ~[client-intermediary.jar:?]
	at net.minecraft.class_4069.method_25402(class_4069.java:38) ~[client-intermediary.jar:?]
	at net.minecraft.class_312.method_1611(class_312.java:98) ~[client-intermediary.jar:?]
	at net.minecraft.class_437.method_25412(class_437.java:409) ~[client-intermediary.jar:?]
	at net.minecraft.class_312.method_1601(class_312.java:98) ~[client-intermediary.jar:?]
	at net.minecraft.class_312.method_22686(class_312.java:169) ~[client-intermediary.jar:?]
	at net.minecraft.class_1255.execute(class_1255.java:102) ~[client-intermediary.jar:?]
	at net.minecraft.class_312.method_22684(class_312.java:169) ~[client-intermediary.jar:?]
	at org.lwjgl.glfw.GLFWMouseButtonCallbackI.callback(GLFWMouseButtonCallbackI.java:43) ~[lwjgl-glfw-3.3.1.jar:?]
	at org.lwjgl.system.JNI.invokeV(Native Method) ~[lwjgl-3.3.1.jar:?]
	at org.lwjgl.glfw.GLFW.glfwWaitEventsTimeout(GLFW.java:3474) ~[lwjgl-glfw-3.3.1.jar:?]
	at com.mojang.blaze3d.systems.RenderSystem.limitDisplayFPS(RenderSystem.java:237) ~[client-intermediary.jar:?]
	at net.minecraft.class_310.method_1523(class_310.java:1244) ~[client-intermediary.jar:?]
	at net.minecraft.class_310.method_1514(class_310.java:802) ~[client-intermediary.jar:?]
	at net.minecraft.client.main.Main.main(Main.java:250) ~[minecraft-1.20.1-client.jar:?]
	at net.fabricmc.loader.impl.game.minecraft.MinecraftGameProvider.launch(MinecraftGameProvider.java:470) ~[fabric-loader-0.15.11.jar:?]
	at net.fabricmc.loader.impl.launch.knot.Knot.launch(Knot.java:74) ~[fabric-loader-0.15.11.jar:?]
	at net.fabricmc.loader.impl.launch.knot.KnotClient.main(KnotClient.java:23) ~[fabric-loader-0.15.11.jar:?]
	at jdk.internal.reflect.NativeMethodAccessorImpl.invoke0(Native Method) ~[?:?]
	at jdk.internal.reflect.NativeMethodAccessorImpl.invoke(Unknown Source) ~[?:?]
	at jdk.internal.reflect.DelegatingMethodAccessorImpl.invoke(Unknown Source) ~[?:?]
	at java.lang.reflect.Method.invoke(Unknown Source) ~[?:?]
	at org.multimc.onesix.OneSixLauncher.launchWithMainClass(OneSixLauncher.java:243) ~[NewLaunch.jar:?]
	at org.multimc.onesix.OneSixLauncher.launch(OneSixLauncher.java:278) ~[NewLaunch.jar:?]
	at org.multimc.EntryPoint.listen(EntryPoint.java:143) ~[NewLaunch.jar:?]
	at org.multimc.EntryPoint.main(EntryPoint.java:34) ~[NewLaunch.jar:?]
[16:28:16] [Render thread/INFO]: ARRP register - before user
[16:31:44] [Render thread/ERROR]: Can't ping 127.0.0.1:25565: Превышено время ожидания
[19:57:15] [Render thread/INFO]: Stopping!
[19:57:15] [Render thread/INFO]: Shutting down
[19:57:15] [CullThread/INFO]: [STDOUT]: Shutting down culling task!
[19:57:15] [Render thread/INFO]: emissive suffixes loaded: {_e}
[19:57:15] [Render thread/INFO]: [FastQuit] Exiting FastQuit.
[19:57:15] [Render thread/INFO]: closing rrp ebe:base_resources
